#
# There is insufficient memory for the Java Runtime Environment to continue.
# Native memory allocation (mmap) failed to map 199229440 bytes for Failed to commit area from 0x0000000742400000 to 0x000000074e200000 of length 199229440.
# Possible reasons:
#   The system is out of physical RAM or swap space
#   The process is running with CompressedOops enabled, and the Java Heap may be blocking the growth of the native heap
# Possible solutions:
#   Reduce memory load on the system
#   Increase physical memory or swap space
#   Check if swap backing store is full
#   Decrease Java heap size (-Xmx/-Xms)
#   Decrease number of Java threads
#   Decrease Java thread stack sizes (-Xss)
#   Set larger code cache with -XX:ReservedCodeCacheSize=
# This output file may be truncated or incomplete.
#
#  Out of Memory Error (./src/hotspot/os/windows/os_windows.cpp:3521), pid=9048, tid=14132
#
# JRE version:  (11.0.12+7) (build )
# Java VM: OpenJDK 64-Bit Server VM (11.0.12+7-b1504.28-7817840, mixed mode, sharing, tiered, compressed oops, g1 gc, windows-amd64)
# No core dump will be written. Minidumps are not enabled by default on client versions of Windows
#

---------------  S U M M A R Y ------------

Command Line: git4idea.http.GitAskPassApp Username for 'https://github.com': 

Host: Intel(R) Core(TM) i7-8565U CPU @ 1.80GHz, 8 cores, 11G,  Windows 10 , 64 bit Build 19041 (10.0.19041.1645)
Time: Sat Jul  2 01:00:08 2022 RTZ 2 (зима) elapsed time: 0.015331 seconds (0d 0h 0m 0s)

---------------  T H R E A D  ---------------

Current thread (0x0000012665acc000):  JavaThread "Unknown thread" [_thread_in_vm, id=14132, stack(0x0000001bd1f00000,0x0000001bd2000000)]

Stack: [0x0000001bd1f00000,0x0000001bd2000000]
Native frames: (J=compiled Java code, j=interpreted, Vv=VM code, C=native code)
V  [jvm.dll+0x5fbcea]
V  [jvm.dll+0x731905]
V  [jvm.dll+0x732f1d]
V  [jvm.dll+0x7335d3]
V  [jvm.dll+0x247bf8]
V  [jvm.dll+0x5f90b4]
V  [jvm.dll+0x5edc85]
V  [jvm.dll+0x305aeb]
V  [jvm.dll+0x305a5a]
V  [jvm.dll+0x305932]
V  [jvm.dll+0x30a896]
V  [jvm.dll+0x353803]
V  [jvm.dll+0x353f06]
V  [jvm.dll+0x353903]
V  [jvm.dll+0x2e0678]
V  [jvm.dll+0x2e1827]
V  [jvm.dll+0x710037]
V  [jvm.dll+0x71182c]
V  [jvm.dll+0x360da9]
V  [jvm.dll+0x6f390e]
V  [jvm.dll+0x3c9723]
V  [jvm.dll+0x3cb9b1]
C  [jli.dll+0x536b]
C  [ucrtbase.dll+0x21bb2]
C  [KERNEL32.DLL+0x17034]
C  [ntdll.dll+0x52651]


---------------  P R O C E S S  ---------------

Threads class SMR info:
_java_thread_list=0x00000126659f0c10, length=0, elements={
}

Java Threads: ( => current thread )

Other Threads:
  0x0000012665c0a000 GCTaskThread "GC Thread#0" [stack: 0x0000001bd2000000,0x0000001bd2100000] [id=5128]
  0x0000012665c52800 ConcurrentGCThread "G1 Main Marker" [stack: 0x0000001bd2100000,0x0000001bd2200000] [id=17968]
  0x0000012665c55000 ConcurrentGCThread "G1 Conc#0" [stack: 0x0000001bd2200000,0x0000001bd2300000] [id=16716]

[error occurred during error reporting (printing all threads), id 0xc0000005, EXCEPTION_ACCESS_VIOLATION (0xc0000005) at pc=0x00007ffcd0220be7]

VM state:not at safepoint (not fully initialized)

VM Mutex/Monitor currently owned by a thread:  ([mutex/lock_event])
[0x0000012665bf3fe0] Heap_lock - owner thread: 0x0000012665acc000

Heap address: 0x0000000742400000, size: 3036 MB, Compressed Oops mode: Non-zero based: 0x0000000742400000
Narrow klass base: 0x0000000000000000, Narrow klass shift: 0

GC Heap History (0 events):
No events

Deoptimization events (0 events):
No events

Classes redefined (0 events):
No events

Internal exceptions (0 events):
No events

Events (1 events):
Event: 0.009 Loaded shared library C:\Program Files\Android\Android Studio\jre\bin\zip.dll


Dynamic libraries:
0x00007ff698490000 - 0x00007ff69849a000 	C:\Program Files\Android\Android Studio\jre\bin\java.exe
0x00007ffd24c90000 - 0x00007ffd24e85000 	C:\WINDOWS\SYSTEM32\ntdll.dll
0x00007ffd00200000 - 0x00007ffd00216000 	C:\Program Files\AVAST Software\Avast\aswhook.dll
0x00007ffd237d0000 - 0x00007ffd2388e000 	C:\WINDOWS\System32\KERNEL32.DLL
0x00007ffd22a20000 - 0x00007ffd22ce8000 	C:\WINDOWS\System32\KERNELBASE.dll
0x00007ffd228b0000 - 0x00007ffd229b0000 	C:\WINDOWS\System32\ucrtbase.dll
0x00007ffcf5930000 - 0x00007ffcf5947000 	C:\Program Files\Android\Android Studio\jre\bin\VCRUNTIME140.dll
0x00007ffcf5950000 - 0x00007ffcf5969000 	C:\Program Files\Android\Android Studio\jre\bin\jli.dll
0x00007ffd22f30000 - 0x00007ffd230d0000 	C:\WINDOWS\System32\USER32.dll
0x00007ffd12e60000 - 0x00007ffd130fa000 	C:\WINDOWS\WinSxS\amd64_microsoft.windows.common-controls_6595b64144ccf1df_6.0.19041.1110_none_60b5254171f9507e\COMCTL32.dll
0x00007ffd223b0000 - 0x00007ffd223d2000 	C:\WINDOWS\System32\win32u.dll
0x00007ffd23350000 - 0x00007ffd233ee000 	C:\WINDOWS\System32\msvcrt.dll
0x00007ffd23130000 - 0x00007ffd2315a000 	C:\WINDOWS\System32\GDI32.dll
0x00007ffd223e0000 - 0x00007ffd224eb000 	C:\WINDOWS\System32\gdi32full.dll
0x00007ffd22580000 - 0x00007ffd2261d000 	C:\WINDOWS\System32\msvcp_win.dll
0x00007ffd239d0000 - 0x00007ffd23a00000 	C:\WINDOWS\System32\IMM32.DLL
0x00007ffcd13b0000 - 0x00007ffcd144d000 	C:\Program Files\Android\Android Studio\jre\bin\msvcp140.dll
0x00007ffccff30000 - 0x00007ffcd0a15000 	C:\Program Files\Android\Android Studio\jre\bin\server\jvm.dll
0x00007ffd23650000 - 0x00007ffd236fe000 	C:\WINDOWS\System32\ADVAPI32.dll
0x00007ffd23a00000 - 0x00007ffd23a9c000 	C:\WINDOWS\System32\sechost.dll
0x00007ffd23aa0000 - 0x00007ffd23bc5000 	C:\WINDOWS\System32\RPCRT4.dll
0x00007ffd22f20000 - 0x00007ffd22f28000 	C:\WINDOWS\System32\PSAPI.DLL
0x00007ffd132b0000 - 0x00007ffd132d7000 	C:\WINDOWS\SYSTEM32\WINMM.dll
0x00007ffd122c0000 - 0x00007ffd122c9000 	C:\WINDOWS\SYSTEM32\WSOCK32.dll
0x00007ffd1b2f0000 - 0x00007ffd1b2fa000 	C:\WINDOWS\SYSTEM32\VERSION.dll
0x00007ffd23c60000 - 0x00007ffd23ccb000 	C:\WINDOWS\System32\WS2_32.dll
0x00007ffd20c90000 - 0x00007ffd20ca2000 	C:\WINDOWS\SYSTEM32\kernel.appcore.dll
0x00007ffcf0330000 - 0x00007ffcf0341000 	C:\Program Files\Android\Android Studio\jre\bin\verify.dll
0x00007ffd201e0000 - 0x00007ffd203c4000 	C:\WINDOWS\SYSTEM32\DBGHELP.DLL
0x00007ffd13c40000 - 0x00007ffd13c6c000 	C:\WINDOWS\SYSTEM32\dbgcore.DLL
0x00007ffd224f0000 - 0x00007ffd22572000 	C:\WINDOWS\System32\bcryptPrimitives.dll
0x00007ffcec820000 - 0x00007ffcec849000 	C:\Program Files\Android\Android Studio\jre\bin\java.dll
0x00007ffd043c0000 - 0x00007ffd043cb000 	C:\Program Files\Android\Android Studio\jre\bin\jimage.dll
0x00007ffcf02f0000 - 0x00007ffcf0308000 	C:\Program Files\Android\Android Studio\jre\bin\zip.dll

dbghelp: loaded successfully - version: 4.0.5 - missing functions: none
symbol engine: initialized successfully - sym options: 0x614 - pdb path: .;C:\Program Files\Android\Android Studio\jre\bin;C:\WINDOWS\SYSTEM32;C:\Program Files\AVAST Software\Avast;C:\WINDOWS\WinSxS\amd64_microsoft.windows.common-controls_6595b64144ccf1df_6.0.19041.1110_none_60b5254171f9507e;C:\Program Files\Android\Android Studio\jre\bin\server

VM Arguments:
java_command: git4idea.http.GitAskPassApp Username for 'https://github.com': 
java_class_path (initial): C:/Program Files/Android/Android Studio/plugins/git4idea/lib/git4idea-rt.jar;C:/Program Files/Android/Android Studio/lib/xmlrpc-2.0.1.jar;C:/Program Files/Android/Android Studio/lib/commons-codec-1.15.jar
Launcher Type: SUN_STANDARD

[Global flags]
     intx CICompilerCount                          = 4                                         {product} {ergonomic}
     uint ConcGCThreads                            = 2                                         {product} {ergonomic}
     uint G1ConcRefinementThreads                  = 8                                         {product} {ergonomic}
   size_t G1HeapRegionSize                         = 1048576                                   {product} {ergonomic}
    uintx GCDrainStackTargetSize                   = 64                                        {product} {ergonomic}
   size_t InitialHeapSize                          = 199229440                                 {product} {ergonomic}
   size_t MarkStackSize                            = 4194304                                   {product} {ergonomic}
   size_t MaxHeapSize                              = 3183476736                                {product} {ergonomic}
   size_t MinHeapDeltaBytes                        = 1048576                                   {product} {ergonomic}
    uintx NonNMethodCodeHeapSize                   = 5836300                                {pd product} {ergonomic}
    uintx NonProfiledCodeHeapSize                  = 122910970                              {pd product} {ergonomic}
    uintx ProfiledCodeHeapSize                     = 122910970                              {pd product} {ergonomic}
    uintx ReservedCodeCacheSize                    = 251658240                              {pd product} {ergonomic}
     bool SegmentedCodeCache                       = true                                      {product} {ergonomic}
     bool UseCompressedClassPointers               = true                                 {lp64_product} {ergonomic}
     bool UseCompressedOops                        = true                                 {lp64_product} {ergonomic}
     bool UseG1GC                                  = true                                      {product} {ergonomic}
     bool UseLargePagesIndividualAllocation        = false                                  {pd product} {ergonomic}

Logging:
Log output configuration:
 #0: stdout all=warning uptime,level,tags
 #1: stderr all=off uptime,level,tags

Environment Variables:
PATH=C:\Program Files (x86)\Git\mingw32\libexec\git-core;C:\Program Files (x86)\Git\mingw32\libexec\git-core;C:\Program Files (x86)\Git\mingw32\bin;C:\Program Files (x86)\Git\usr\bin;C:\Users\Kostya\bin;C:\Program Files (x86)\Common Files\Oracle\Java\javapath;C:\ProgramData\Oracle\Java\javapath;C:\Windows\system32;C:\Windows;C:\Windows\System32\Wbem;C:\Windows\System32\WindowsPowerShell\v1.0;C:\Windows\System32\OpenSSH;C:\Program Files (x86)\NVIDIA Corporation\PhysX\Common;C:\FPC\2.6.4\bin\i386-Win32;C:\Program Files\WIDCOMM\Bluetooth Software;C:\Program Files\WIDCOMM\Bluetooth Software\syswow64;C:\Program Files (x86)\Git\cmd;C:\Program Files\NVIDIA Corporation\NVIDIA NvDLISR;C:\WINDOWS\system32;C:\WINDOWS;C:\WINDOWS\System32\Wbem;C:\WINDOWS\System32\WindowsPowerShell\v1.0;C:\WINDOWS\System32\OpenSSH;C:\Users\Kostya\AppData\Local\Programs\Python\Python310\Scripts;C:\Users\Kostya\AppData\Local\Programs\Python\Python310;C:\Users\Kostya\anaconda3;C:\Users\Kostya\anaconda3\Library\mingw-w64\bin;C:\Users\Kostya\anaconda3\Library\usr\bin;C:\Users\Kostya\anaconda3\Library\bin;C:\Users\Kostya\anaconda3\Scripts;C:\Users\Kostya\AppData\Local\Microsoft\WindowsApps;C:\intelFPGA\18.1\modelsim_ase\win32aloem;C:\intelFPGA_lite\18.1\modelsim_ase\win32aloem;C:\intelFPGA_lite\18.1\modelsim_ae\win32aloem;C:\altera_lite\15.1\modelsim_ase\win32aloem
USERNAME=Kostya
DISPLAY=:0.0
LC_ALL=en_US.UTF-8
OS=Windows_NT
PROCESSOR_IDENTIFIER=Intel64 Family 6 Model 142 Stepping 11, GenuineIntel



---------------  S Y S T E M  ---------------

OS: Windows 10 , 64 bit Build 19041 (10.0.19041.1645)
OS uptime: 0 days 0:57 hours

CPU:total 8 (initial active 8) (4 cores per cpu, 2 threads per core) family 6 model 142 stepping 11 microcode 0xae, cmov, cx8, fxsr, mmx, sse, sse2, sse3, ssse3, sse4.1, sse4.2, popcnt, avx, avx2, aes, clmul, erms, 3dnowpref, lzcnt, ht, tsc, tscinvbit, bmi1, bmi2, adx, fma

Memory: 4k page, system-wide physical 12139M (1166M free)
TotalPageFile size 14187M (AvailPageFile size 59M)
current process WorkingSet (physical memory assigned to process): 10M, peak: 10M
current process commit charge ("private bytes"): 60M, peak: 250M

vm_info: OpenJDK 64-Bit Server VM (11.0.12+7-b1504.28-7817840) for windows-amd64 JRE (11.0.12+7-b1504.28-7817840), built on Oct 13 2021 22:12:33 by "builder" with MS VC++ 14.0 (VS2015)

END.
