#
# There is insufficient memory for the Java Runtime Environment to continue.
# Native memory allocation (malloc) failed to allocate 1048576 bytes for AllocateHeap
# Possible reasons:
#   The system is out of physical RAM or swap space
#   The process is running with CompressedOops enabled, and the Java Heap may be blocking the growth of the native heap
# Possible solutions:
#   Reduce memory load on the system
#   Increase physical memory or swap space
#   Check if swap backing store is full
#   Decrease Java heap size (-Xmx/-Xms)
#   Decrease number of Java threads
#   Decrease Java thread stack sizes (-Xss)
#   Set larger code cache with -XX:ReservedCodeCacheSize=
#   JVM is running with Unscaled Compressed Oops mode in which the Java heap is
#     placed in the first 4GB address space. The Java Heap base address is the
#     maximum limit for the native heap growth. Please use -XX:HeapBaseMinAddress
#     to set the Java Heap base and to place the Java Heap above 4GB virtual address.
# This output file may be truncated or incomplete.
#
#  Out of Memory Error (./src/hotspot/share/memory/allocation.cpp:46), pid=8352, tid=8500
#
# JRE version:  (11.0.12+7) (build )
# Java VM: OpenJDK 64-Bit Server VM (11.0.12+7-b1504.28-7817840, mixed mode, sharing, tiered, compressed oops, g1 gc, windows-amd64)
# No core dump will be written. Minidumps are not enabled by default on client versions of Windows
#

---------------  S U M M A R Y ------------

Command Line: git4idea.http.GitAskPassApp Username for 'https://github.com': 

Host: Intel(R) Core(TM) i7-8565U CPU @ 1.80GHz, 8 cores, 11G,  Windows 10 , 64 bit Build 19041 (10.0.19041.1645)
Time: Sat Jul  2 01:03:49 2022 RTZ 2 (зима) elapsed time: 0.011501 seconds (0d 0h 0m 0s)

---------------  T H R E A D  ---------------

Current thread (0x00000216a1144000):  JavaThread "Unknown thread" [_thread_in_vm, id=8500, stack(0x000000dfbd900000,0x000000dfbda00000)]

Stack: [0x000000dfbd900000,0x000000dfbda00000]
Native frames: (J=compiled Java code, j=interpreted, Vv=VM code, C=native code)
V  [jvm.dll+0x5fbcea]
V  [jvm.dll+0x731905]
V  [jvm.dll+0x732f1d]
V  [jvm.dll+0x7335d3]
V  [jvm.dll+0x247bf8]
V  [jvm.dll+0xb7684]
V  [jvm.dll+0x2dc7c8]
V  [jvm.dll+0x710027]
V  [jvm.dll+0x71182c]
V  [jvm.dll+0x360da9]
V  [jvm.dll+0x6f390e]
V  [jvm.dll+0x3c9723]
V  [jvm.dll+0x3cb9b1]
C  [jli.dll+0x536b]
C  [ucrtbase.dll+0x21bb2]
C  [KERNEL32.DLL+0x17034]
C  [ntdll.dll+0x52651]


---------------  P R O C E S S  ---------------

Threads class SMR info:
_java_thread_list=0x000002169f051a30, length=0, elements={
}

Java Threads: ( => current thread )

Other Threads:

=>0x00000216a1144000 (exited) JavaThread "Unknown thread" [_thread_in_vm, id=8500, stack(0x000000dfbd900000,0x000000dfbda00000)]

Threads with active compile tasks:

VM state:not at safepoint (not fully initialized)

VM Mutex/Monitor currently owned by a thread: None


[error occurred during error reporting (printing compressed oops mode), id 0xc0000005, EXCEPTION_ACCESS_VIOLATION (0xc0000005) at pc=0x00007ffcd0640e77]

GC Heap History (0 events):
No events

Deoptimization events (0 events):
No events

Classes redefined (0 events):
No events

Internal exceptions (0 events):
No events

Events (1 events):
Event: 0.008 Loaded shared library C:\Program Files\Android\Android Studio\jre\bin\zip.dll


Dynamic libraries:
0x00007ff698490000 - 0x00007ff69849a000 	C:\Program Files\Android\Android Studio\jre\bin\java.exe
0x00007ffd24c90000 - 0x00007ffd24e85000 	C:\WINDOWS\SYSTEM32\ntdll.dll
0x00007ffd00200000 - 0x00007ffd00216000 	C:\Program Files\AVAST Software\Avast\aswhook.dll
0x00007ffd237d0000 - 0x00007ffd2388e000 	C:\WINDOWS\System32\KERNEL32.DLL
0x00007ffd22a20000 - 0x00007ffd22ce8000 	C:\WINDOWS\System32\KERNELBASE.dll
0x00007ffd228b0000 - 0x00007ffd229b0000 	C:\WINDOWS\System32\ucrtbase.dll
0x00007ffcf5950000 - 0x00007ffcf5969000 	C:\Program Files\Android\Android Studio\jre\bin\jli.dll
0x00007ffcf5930000 - 0x00007ffcf5947000 	C:\Program Files\Android\Android Studio\jre\bin\VCRUNTIME140.dll
0x00007ffd22f30000 - 0x00007ffd230d0000 	C:\WINDOWS\System32\USER32.dll
0x00007ffd223b0000 - 0x00007ffd223d2000 	C:\WINDOWS\System32\win32u.dll
0x00007ffd12e60000 - 0x00007ffd130fa000 	C:\WINDOWS\WinSxS\amd64_microsoft.windows.common-controls_6595b64144ccf1df_6.0.19041.1110_none_60b5254171f9507e\COMCTL32.dll
0x00007ffd23130000 - 0x00007ffd2315a000 	C:\WINDOWS\System32\GDI32.dll
0x00007ffd23350000 - 0x00007ffd233ee000 	C:\WINDOWS\System32\msvcrt.dll
0x00007ffd223e0000 - 0x00007ffd224eb000 	C:\WINDOWS\System32\gdi32full.dll
0x00007ffd22580000 - 0x00007ffd2261d000 	C:\WINDOWS\System32\msvcp_win.dll
0x00007ffd239d0000 - 0x00007ffd23a00000 	C:\WINDOWS\System32\IMM32.DLL
0x00007ffcd13b0000 - 0x00007ffcd144d000 	C:\Program Files\Android\Android Studio\jre\bin\msvcp140.dll
0x00007ffccff30000 - 0x00007ffcd0a15000 	C:\Program Files\Android\Android Studio\jre\bin\server\jvm.dll
0x00007ffd23650000 - 0x00007ffd236fe000 	C:\WINDOWS\System32\ADVAPI32.dll
0x00007ffd23a00000 - 0x00007ffd23a9c000 	C:\WINDOWS\System32\sechost.dll
0x00007ffd23aa0000 - 0x00007ffd23bc5000 	C:\WINDOWS\System32\RPCRT4.dll
0x00007ffd22f20000 - 0x00007ffd22f28000 	C:\WINDOWS\System32\PSAPI.DLL
0x00007ffd132b0000 - 0x00007ffd132d7000 	C:\WINDOWS\SYSTEM32\WINMM.dll
0x00007ffd1b2f0000 - 0x00007ffd1b2fa000 	C:\WINDOWS\SYSTEM32\VERSION.dll
0x00007ffd122c0000 - 0x00007ffd122c9000 	C:\WINDOWS\SYSTEM32\WSOCK32.dll
0x00007ffd23c60000 - 0x00007ffd23ccb000 	C:\WINDOWS\System32\WS2_32.dll
0x00007ffd20c90000 - 0x00007ffd20ca2000 	C:\WINDOWS\SYSTEM32\kernel.appcore.dll
0x00007ffcf0330000 - 0x00007ffcf0341000 	C:\Program Files\Android\Android Studio\jre\bin\verify.dll
0x00007ffd201e0000 - 0x00007ffd203c4000 	C:\WINDOWS\SYSTEM32\DBGHELP.DLL
0x00007ffd13c40000 - 0x00007ffd13c6c000 	C:\WINDOWS\SYSTEM32\dbgcore.DLL
0x00007ffd224f0000 - 0x00007ffd22572000 	C:\WINDOWS\System32\bcryptPrimitives.dll
0x00007ffcec820000 - 0x00007ffcec849000 	C:\Program Files\Android\Android Studio\jre\bin\java.dll
0x00007ffd043c0000 - 0x00007ffd043cb000 	C:\Program Files\Android\Android Studio\jre\bin\jimage.dll
0x00007ffcf02f0000 - 0x00007ffcf0308000 	C:\Program Files\Android\Android Studio\jre\bin\zip.dll

dbghelp: loaded successfully - version: 4.0.5 - missing functions: none
symbol engine: initialized successfully - sym options: 0x614 - pdb path: .;C:\Program Files\Android\Android Studio\jre\bin;C:\WINDOWS\SYSTEM32;C:\Program Files\AVAST Software\Avast;C:\WINDOWS\WinSxS\amd64_microsoft.windows.common-controls_6595b64144ccf1df_6.0.19041.1110_none_60b5254171f9507e;C:\Program Files\Android\Android Studio\jre\bin\server

VM Arguments:
java_command: git4idea.http.GitAskPassApp Username for 'https://github.com': 
java_class_path (initial): C:/Program Files/Android/Android Studio/plugins/git4idea/lib/git4idea-rt.jar;C:/Program Files/Android/Android Studio/lib/xmlrpc-2.0.1.jar;C:/Program Files/Android/Android Studio/lib/commons-codec-1.15.jar
Launcher Type: SUN_STANDARD

[Global flags]
     intx CICompilerCount                          = 4                                         {product} {ergonomic}
     uint G1ConcRefinementThreads                  = 8                                         {product} {ergonomic}
   size_t G1HeapRegionSize                         = 1048576                                   {product} {ergonomic}
    uintx GCDrainStackTargetSize                   = 64                                        {product} {ergonomic}
   size_t InitialHeapSize                          = 199229440                                 {product} {ergonomic}
   size_t MaxHeapSize                              = 3183476736                                {product} {ergonomic}
   size_t MinHeapDeltaBytes                        = 1048576                                   {product} {ergonomic}
    uintx NonNMethodCodeHeapSize                   = 5836300                                {pd product} {ergonomic}
    uintx NonProfiledCodeHeapSize                  = 122910970                              {pd product} {ergonomic}
    uintx ProfiledCodeHeapSize                     = 122910970                              {pd product} {ergonomic}
    uintx ReservedCodeCacheSize                    = 251658240                              {pd product} {ergonomic}
     bool SegmentedCodeCache                       = true                                      {product} {ergonomic}
     bool UseCompressedClassPointers               = true                                 {lp64_product} {ergonomic}
     bool UseCompressedOops                        = true                                 {lp64_product} {ergonomic}
     bool UseG1GC                                  = true                                      {product} {ergonomic}
     bool UseLargePagesIndividualAllocation        = false                                  {pd product} {ergonomic}

Logging:
Log output configuration:
 #0: stdout all=warning uptime,level,tags
 #1: stderr all=off uptime,level,tags

Environment Variables:
PATH=C:\Program Files (x86)\Git\mingw32\libexec\git-core;C:\Program Files (x86)\Git\mingw32\libexec\git-core;C:\Program Files (x86)\Git\mingw32\bin;C:\Program Files (x86)\Git\usr\bin;C:\Users\Kostya\bin;C:\Program Files (x86)\Common Files\Oracle\Java\javapath;C:\ProgramData\Oracle\Java\javapath;C:\Windows\system32;C:\Windows;C:\Windows\System32\Wbem;C:\Windows\System32\WindowsPowerShell\v1.0;C:\Windows\System32\OpenSSH;C:\Program Files (x86)\NVIDIA Corporation\PhysX\Common;C:\FPC\2.6.4\bin\i386-Win32;C:\Program Files\WIDCOMM\Bluetooth Software;C:\Program Files\WIDCOMM\Bluetooth Software\syswow64;C:\Program Files (x86)\Git\cmd;C:\Program Files\NVIDIA Corporation\NVIDIA NvDLISR;C:\WINDOWS\system32;C:\WINDOWS;C:\WINDOWS\System32\Wbem;C:\WINDOWS\System32\WindowsPowerShell\v1.0;C:\WINDOWS\System32\OpenSSH;C:\Users\Kostya\AppData\Local\Programs\Python\Python310\Scripts;C:\Users\Kostya\AppData\Local\Programs\Python\Python310;C:\Users\Kostya\anaconda3;C:\Users\Kostya\anaconda3\Library\mingw-w64\bin;C:\Users\Kostya\anaconda3\Library\usr\bin;C:\Users\Kostya\anaconda3\Library\bin;C:\Users\Kostya\anaconda3\Scripts;C:\Users\Kostya\AppData\Local\Microsoft\WindowsApps;C:\intelFPGA\18.1\modelsim_ase\win32aloem;C:\intelFPGA_lite\18.1\modelsim_ase\win32aloem;C:\intelFPGA_lite\18.1\modelsim_ae\win32aloem;C:\altera_lite\15.1\modelsim_ase\win32aloem
USERNAME=Kostya
DISPLAY=:0.0
LC_ALL=en_US.UTF-8
OS=Windows_NT
PROCESSOR_IDENTIFIER=Intel64 Family 6 Model 142 Stepping 11, GenuineIntel



---------------  S Y S T E M  ---------------

OS: Windows 10 , 64 bit Build 19041 (10.0.19041.1645)
OS uptime: 0 days 1:01 hours

CPU:total 8 (initial active 8) (4 cores per cpu, 2 threads per core) family 6 model 142 stepping 11 microcode 0xae, cmov, cx8, fxsr, mmx, sse, sse2, sse3, ssse3, sse4.1, sse4.2, popcnt, avx, avx2, aes, clmul, erms, 3dnowpref, lzcnt, ht, tsc, tscinvbit, bmi1, bmi2, adx, fma

Memory: 4k page, system-wide physical 12139M (1047M free)
TotalPageFile size 14187M (AvailPageFile size 5M)
current process WorkingSet (physical memory assigned to process): 9M, peak: 9M
current process commit charge ("private bytes"): 17M, peak: 18M

vm_info: OpenJDK 64-Bit Server VM (11.0.12+7-b1504.28-7817840) for windows-amd64 JRE (11.0.12+7-b1504.28-7817840), built on Oct 13 2021 22:12:33 by "builder" with MS VC++ 14.0 (VS2015)

END.
