#
# There is insufficient memory for the Java Runtime Environment to continue.
# Native memory allocation (malloc) failed to allocate 1258576 bytes for Chunk::new
# Possible reasons:
#   The system is out of physical RAM or swap space
#   The process is running with CompressedOops enabled, and the Java Heap may be blocking the growth of the native heap
# Possible solutions:
#   Reduce memory load on the system
#   Increase physical memory or swap space
#   Check if swap backing store is full
#   Decrease Java heap size (-Xmx/-Xms)
#   Decrease number of Java threads
#   Decrease Java thread stack sizes (-Xss)
#   Set larger code cache with -XX:ReservedCodeCacheSize=
#   JVM is running with Unscaled Compressed Oops mode in which the Java heap is
#     placed in the first 4GB address space. The Java Heap base address is the
#     maximum limit for the native heap growth. Please use -XX:HeapBaseMinAddress
#     to set the Java Heap base and to place the Java Heap above 4GB virtual address.
# This output file may be truncated or incomplete.
#
#  Out of Memory Error (./src/hotspot/share/memory/arena.cpp:197), pid=20512, tid=20984
#
# JRE version: OpenJDK Runtime Environment (11.0.12+7) (build 11.0.12+7-b1504.28-7817840)
# Java VM: OpenJDK 64-Bit Server VM (11.0.12+7-b1504.28-7817840, mixed mode, tiered, compressed oops, g1 gc, windows-amd64)
# No core dump will be written. Minidumps are not enabled by default on client versions of Windows
#

---------------  S U M M A R Y ------------

Command Line: --add-opens=java.base/java.util=ALL-UNNAMED --add-opens=java.base/java.lang=ALL-UNNAMED --add-opens=java.base/java.lang.invoke=ALL-UNNAMED --add-opens=java.base/java.util=ALL-UNNAMED --add-opens=java.prefs/java.util.prefs=ALL-UNNAMED --add-opens=java.prefs/java.util.prefs=ALL-UNNAMED --add-opens=java.base/java.nio.charset=ALL-UNNAMED --add-opens=java.base/java.net=ALL-UNNAMED --add-opens=java.base/java.util.concurrent.atomic=ALL-UNNAMED -Xmx2048m -Dfile.encoding=UTF-8 -Duser.country=RU -Duser.language=ru -Duser.variant org.gradle.launcher.daemon.bootstrap.GradleDaemon 7.2

Host: Intel(R) Core(TM) i7-8565U CPU @ 1.80GHz, 8 cores, 11G,  Windows 10 , 64 bit Build 19041 (10.0.19041.1645)
Time: Fri Jul  1 18:33:55 2022 RTZ 2 (зима) elapsed time: 9576.681158 seconds (0d 2h 39m 36s)

---------------  T H R E A D  ---------------

Current thread (0x000001dac8f91800):  JavaThread "C2 CompilerThread1" daemon [_thread_in_native, id=20984, stack(0x00000025cd900000,0x00000025cda00000)]


Current CompileTask:
C2:9576681 30923       4       com.android.tools.r8.internal.TR0::a (1133 bytes)

Stack: [0x00000025cd900000,0x00000025cda00000]
Native frames: (J=compiled Java code, j=interpreted, Vv=VM code, C=native code)
V  [jvm.dll+0x5fbcea]
V  [jvm.dll+0x731905]
V  [jvm.dll+0x732f1d]
V  [jvm.dll+0x7335d3]
V  [jvm.dll+0x247bf8]
V  [jvm.dll+0xc018c]
V  [jvm.dll+0xc06cc]
V  [jvm.dll+0x35b2db]
V  [jvm.dll+0x19cebc]
V  [jvm.dll+0x20070e]
V  [jvm.dll+0x1ff794]
V  [jvm.dll+0x18868c]
V  [jvm.dll+0x20e0d7]
V  [jvm.dll+0x20c901]
V  [jvm.dll+0x6f9b7f]
V  [jvm.dll+0x6f26a5]
V  [jvm.dll+0x5fabf6]
C  [ucrtbase.dll+0x21bb2]
C  [KERNEL32.DLL+0x17034]
C  [ntdll.dll+0x52651]


---------------  P R O C E S S  ---------------

Threads class SMR info:
_java_thread_list=0x000001dac5a89900, length=165, elements={
0x000001daa38f4800, 0x000001dabfd4d000, 0x000001dabfd4f800, 0x000001dac0586000,
0x000001dac0587000, 0x000001dac058c000, 0x000001dac058f800, 0x000001dac05df800,
0x000001dabfd57000, 0x000001dac074c800, 0x000001dac162f000, 0x000001dac1921000,
0x000001dac3051800, 0x000001dac2a41800, 0x000001dac2a3b800, 0x000001dac2a3c800,
0x000001dac2a3e000, 0x000001dac2a3f000, 0x000001dac626d800, 0x000001dac6269800,
0x000001dac626c800, 0x000001dac626f000, 0x000001dac6270800, 0x000001dac42e6000,
0x000001dac42e7800, 0x000001dac42e8800, 0x000001dac42ea000, 0x000001dac42e4800,
0x000001dac42ec000, 0x000001dac42f0800, 0x000001dacb4e3800, 0x000001dac7893000,
0x000001dac926a000, 0x000001dac6274000, 0x000001dac2a40800, 0x000001dacb4df000,
0x000001dac3058000, 0x000001dac7bcf800, 0x000001dac788c800, 0x000001dac42e7000,
0x000001dac305d800, 0x000001dac42e3000, 0x000001dac8f8d800, 0x000001dac8f90800,
0x000001dac7897000, 0x000001dac305e800, 0x000001dacb4e1000, 0x000001dac3060000,
0x000001dac3053000, 0x000001dac3057000, 0x000001dacb4e0000, 0x000001dac7890800,
0x000001dacb4dc800, 0x000001dacb4d8800, 0x000001dacb4da800, 0x000001dacb4d9800,
0x000001dacb4db000, 0x000001dacb4dc000, 0x000001dacb4e1800, 0x000001dacb4e2800,
0x000001dacb4e5000, 0x000001dacb4e5800, 0x000001dacb4e6800, 0x000001dace0f9800,
0x000001dace0fc000, 0x000001dace0fd000, 0x000001dace0fb800, 0x000001dace0fe000,
0x000001dace0f9000, 0x000001dace0fe800, 0x000001dace100000, 0x000001dace0ff800,
0x000001dace0fa800, 0x000001dace105000, 0x000001dace102000, 0x000001dace106000,
0x000001dace103800, 0x000001dace107000, 0x000001dace101000, 0x000001dace107800,
0x000001dace108800, 0x000001dace104800, 0x000001dace102800, 0x000001dace10f000,
0x000001dace10a000, 0x000001dace10b800, 0x000001dace10e000, 0x000001dace10d800,
0x000001dace10c800, 0x000001dace10b000, 0x000001dace109000, 0x000001dace114800,
0x000001dace112000, 0x000001dace114000, 0x000001dace115800, 0x000001dace110000,
0x000001dace111800, 0x000001dace116800, 0x000001dace110800, 0x000001dace117000,
0x000001dace113000, 0x000001dac7bc9000, 0x000001dac7bc6000, 0x000001dac7bca000,
0x000001dac7bc7000, 0x000001dac7bc7800, 0x000001dac7bc4800, 0x000001dac7bc8800,
0x000001dac7bcb000, 0x000001dac7bc5000, 0x000001dac7bd0800, 0x000001dac7bce000,
0x000001dac7bcf000, 0x000001dac7bd1800, 0x000001dac7bcb800, 0x000001dac7bd2000,
0x000001dac7bcc800, 0x000001dac7bd3000, 0x000001dac7bcd800, 0x000001dac926b000,
0x000001dac926c000, 0x000001dac9268800, 0x000001dac9267800, 0x000001dac9266000,
0x000001dac9269800, 0x000001dac926c800, 0x000001dac9267000, 0x000001dac926d800,
0x000001dac9272800, 0x000001dac9271800, 0x000001dac9273000, 0x000001dac9274000,
0x000001dac926e000, 0x000001dac9275000, 0x000001dac926f000, 0x000001dac9270800,
0x000001dac9270000, 0x000001dac8f92800, 0x000001dac8f90000, 0x000001dac8f91800,
0x000001dac8f94000, 0x000001dac8f9c000, 0x000001dac788a000, 0x000001dac788e000,
0x000001dac788b000, 0x000001dac7895800, 0x000001dac7894000, 0x000001dac7896000,
0x000001dac7891800, 0x000001dac7892000, 0x000001dac7898800, 0x000001dac3054800,
0x000001dac3056800, 0x000001dac3055800, 0x000001dac3052000, 0x000001dac3059800,
0x000001dac3054000, 0x000001dac3058800, 0x000001dac305d000, 0x000001dac305a800,
0x000001dac3061000, 0x000001dac305b000, 0x000001dac305c000, 0x000001dac305f800,
0x000001dac626b000
}

Java Threads: ( => current thread )
  0x000001daa38f4800 JavaThread "main" [_thread_blocked, id=12332, stack(0x00000025c5700000,0x00000025c5800000)]
  0x000001dabfd4d000 JavaThread "Reference Handler" daemon [_thread_blocked, id=13260, stack(0x00000025c5e00000,0x00000025c5f00000)]
  0x000001dabfd4f800 JavaThread "Finalizer" daemon [_thread_blocked, id=19776, stack(0x00000025c5f00000,0x00000025c6000000)]
  0x000001dac0586000 JavaThread "Signal Dispatcher" daemon [_thread_blocked, id=20104, stack(0x00000025c6000000,0x00000025c6100000)]
  0x000001dac0587000 JavaThread "Attach Listener" daemon [_thread_blocked, id=5388, stack(0x00000025c6100000,0x00000025c6200000)]
  0x000001dac058c000 JavaThread "Service Thread" daemon [_thread_blocked, id=14944, stack(0x00000025c6200000,0x00000025c6300000)]
  0x000001dac058f800 JavaThread "C2 CompilerThread0" daemon [_thread_in_native, id=15324, stack(0x00000025c6300000,0x00000025c6400000)]
  0x000001dac05df800 JavaThread "C1 CompilerThread0" daemon [_thread_blocked, id=12088, stack(0x00000025c6400000,0x00000025c6500000)]
  0x000001dabfd57000 JavaThread "Sweeper thread" daemon [_thread_blocked, id=11192, stack(0x00000025c6500000,0x00000025c6600000)]
  0x000001dac074c800 JavaThread "Common-Cleaner" daemon [_thread_blocked, id=17692, stack(0x00000025c6600000,0x00000025c6700000)]
  0x000001dac162f000 JavaThread "Daemon health stats" [_thread_blocked, id=6780, stack(0x00000025c6c00000,0x00000025c6d00000)]
  0x000001dac1921000 JavaThread "Incoming local TCP Connector on port 52431" [_thread_in_native, id=20404, stack(0x00000025c6800000,0x00000025c6900000)]
  0x000001dac3051800 JavaThread "Daemon periodic checks" [_thread_blocked, id=17076, stack(0x00000025c6d00000,0x00000025c6e00000)]
  0x000001dac2a41800 JavaThread "Cache worker for journal cache (C:\Users\Kostya\.gradle\caches\journal-1)" [_thread_blocked, id=20600, stack(0x00000025c7500000,0x00000025c7600000)]
  0x000001dac2a3b800 JavaThread "File lock request listener" [_thread_in_native, id=14096, stack(0x00000025c7600000,0x00000025c7700000)]
  0x000001dac2a3c800 JavaThread "Cache worker for file hash cache (C:\Users\Kostya\.gradle\caches\7.2\fileHashes)" [_thread_blocked, id=19276, stack(0x00000025c7700000,0x00000025c7800000)]
  0x000001dac2a3e000 JavaThread "File watcher server" daemon [_thread_in_native, id=14512, stack(0x00000025c7f00000,0x00000025c8000000)]
  0x000001dac2a3f000 JavaThread "File watcher consumer" daemon [_thread_blocked, id=21316, stack(0x00000025c8000000,0x00000025c8100000)]
  0x000001dac626d800 JavaThread "Cache worker for execution history cache (C:\Users\Kostya\.gradle\caches\7.2\executionHistory)" [_thread_blocked, id=15188, stack(0x00000025c8500000,0x00000025c8600000)]
  0x000001dac6269800 JavaThread "jar transforms" [_thread_blocked, id=17924, stack(0x00000025c8600000,0x00000025c8700000)]
  0x000001dac626c800 JavaThread "Cache worker for file content cache (C:\Users\Kostya\.gradle\caches\7.2\fileContent)" [_thread_blocked, id=2652, stack(0x00000025c8700000,0x00000025c8800000)]
  0x000001dac626f000 JavaThread "jar transforms Thread 2" [_thread_blocked, id=12488, stack(0x00000025c8800000,0x00000025c8900000)]
  0x000001dac6270800 JavaThread "jar transforms Thread 3" [_thread_blocked, id=2456, stack(0x00000025c8a00000,0x00000025c8b00000)]
  0x000001dac42e6000 JavaThread "jar transforms Thread 4" [_thread_blocked, id=14536, stack(0x00000025cdc00000,0x00000025cdd00000)]
  0x000001dac42e7800 JavaThread "jar transforms Thread 5" [_thread_blocked, id=12256, stack(0x00000025cdd00000,0x00000025cde00000)]
  0x000001dac42e8800 JavaThread "jar transforms Thread 6" [_thread_blocked, id=3528, stack(0x00000025cde00000,0x00000025cdf00000)]
  0x000001dac42ea000 JavaThread "jar transforms Thread 7" [_thread_blocked, id=2388, stack(0x00000025cdf00000,0x00000025ce000000)]
  0x000001dac42e4800 JavaThread "jar transforms Thread 8" [_thread_blocked, id=7156, stack(0x00000025ce000000,0x00000025ce100000)]
  0x000001dac42ec000 JavaThread "Memory manager" [_thread_blocked, id=1808, stack(0x00000025ce100000,0x00000025ce200000)]
  0x000001dac42f0800 JavaThread "pool-3-thread-1" [_thread_blocked, id=16096, stack(0x00000025ce200000,0x00000025ce300000)]
  0x000001dacb4e3800 JavaThread "pool-6-thread-1" [_thread_blocked, id=20388, stack(0x00000025ce300000,0x00000025ce400000)]
  0x000001dac7893000 JavaThread "Cache worker for Java compile cache (C:\Users\Kostya\.gradle\caches\7.2\javaCompile)" [_thread_blocked, id=17388, stack(0x00000025cf400000,0x00000025cf500000)]
  0x000001dac926a000 JavaThread "pool-11-thread-1" [_thread_blocked, id=5572, stack(0x00000025ce400000,0x00000025ce500000)]
  0x000001dac6274000 JavaThread "pool-16-thread-1" [_thread_blocked, id=20736, stack(0x00000025ce600000,0x00000025ce700000)]
  0x000001dac2a40800 JavaThread "pool-21-thread-1" [_thread_blocked, id=10436, stack(0x00000025ce700000,0x00000025ce800000)]
  0x000001dacb4df000 JavaThread "pool-26-thread-1" [_thread_blocked, id=3968, stack(0x00000025ce800000,0x00000025ce900000)]
  0x000001dac3058000 JavaThread "pool-31-thread-1" [_thread_blocked, id=5500, stack(0x00000025ce500000,0x00000025ce600000)]
  0x000001dac7bcf800 JavaThread "pool-36-thread-1" [_thread_blocked, id=21180, stack(0x00000025cea00000,0x00000025ceb00000)]
  0x000001dac788c800 JavaThread "pool-39-thread-1" [_thread_blocked, id=7232, stack(0x00000025ce900000,0x00000025cea00000)]
  0x000001dac42e7000 JavaThread "pool-42-thread-1" [_thread_blocked, id=3888, stack(0x00000025ceb00000,0x00000025cec00000)]
  0x000001dac305d800 JavaThread "pool-46-thread-1" [_thread_blocked, id=1848, stack(0x00000025cec00000,0x00000025ced00000)]
  0x000001dac42e3000 JavaThread "pool-50-thread-1" [_thread_blocked, id=3764, stack(0x00000025ced00000,0x00000025cee00000)]
  0x000001dac8f8d800 JavaThread "pool-54-thread-1" [_thread_blocked, id=20440, stack(0x00000025cef00000,0x00000025cf000000)]
  0x000001dac8f90800 JavaThread "pool-57-thread-1" [_thread_blocked, id=2080, stack(0x00000025cee00000,0x00000025cef00000)]
  0x000001dac7897000 JavaThread "pool-61-thread-1" [_thread_blocked, id=12564, stack(0x00000025cf000000,0x00000025cf100000)]
  0x000001dac305e800 JavaThread "pool-65-thread-1" [_thread_blocked, id=16904, stack(0x00000025cf200000,0x00000025cf300000)]
  0x000001dacb4e1000 JavaThread "pool-68-thread-1" [_thread_blocked, id=12120, stack(0x00000025cf300000,0x00000025cf400000)]
  0x000001dac3060000 JavaThread "ForkJoinPool.commonPool-worker-3" daemon [_thread_blocked, id=10232, stack(0x00000025d0500000,0x00000025d0600000)]
  0x000001dac3053000 JavaThread "Daemon Thread 15" [_thread_blocked, id=18252, stack(0x00000025c5600000,0x00000025c5700000)]
  0x000001dac3057000 JavaThread "Daemon worker Thread 15" [_thread_blocked, id=14148, stack(0x00000025c7000000,0x00000025c7100000)]
  0x000001dacb4e0000 JavaThread "pool-73-thread-1" [_thread_blocked, id=4432, stack(0x00000025cf100000,0x00000025cf200000)]
  0x000001dac7890800 JavaThread "pool-77-thread-1" [_thread_blocked, id=10172, stack(0x00000025cf500000,0x00000025cf600000)]
  0x000001dacb4dc800 JavaThread "Handler for socket connection from /127.0.0.1:52431 to /127.0.0.1:51251" [_thread_in_native, id=14988, stack(0x00000025c6e00000,0x00000025c6f00000)]
  0x000001dacb4d8800 JavaThread "Cancel handler" [_thread_blocked, id=15620, stack(0x00000025c6f00000,0x00000025c7000000)]
  0x000001dacb4da800 JavaThread "Asynchronous log dispatcher for DefaultDaemonConnection: socket connection from /127.0.0.1:52431 to /127.0.0.1:51251" [_thread_blocked, id=4088, stack(0x00000025c7100000,0x00000025c7200000)]
  0x000001dacb4d9800 JavaThread "Stdin handler" [_thread_blocked, id=17040, stack(0x00000025c7200000,0x00000025c7300000)]
  0x000001dacb4db000 JavaThread "Daemon client event forwarder" [_thread_blocked, id=20616, stack(0x00000025c7300000,0x00000025c7400000)]
  0x000001dacb4e2800 JavaThread "Unconstrained build operations" [_thread_blocked, id=2224, stack(0x00000025c8400000,0x00000025c8500000)]
  0x000001dacb4e5000 JavaThread "Unconstrained build operations Thread 2" [_thread_blocked, id=18588, stack(0x00000025c8900000,0x00000025c8a00000)]
  0x000001dacb4e5800 Thread [stack: 0x00000025c8b00000,0x00000025c8c00000] [id=13912]
  0x000001dacb4e6800 Thread [stack: 0x00000025c8c00000,0x00000025c8d00000] [id=15484]
  0x000001dace0f9800 JavaThread "Unconstrained build operations Thread 5" [_thread_blocked, id=4884, stack(0x00000025c8d00000,0x00000025c8e00000)]
  0x000001dace0fc000 JavaThread "Unconstrained build operations Thread 6" [_thread_blocked, id=14684, stack(0x00000025c8e00000,0x00000025c8f00000)]
  0x000001dace0fd000 Thread [stack: 0x00000025c8f00000,0x00000025c9000000] [id=9636]
  0x000001dace0fb800 Thread [stack: 0x00000025c9000000,0x00000025c9100000] [id=19568]
  0x000001dace0fe000 JavaThread "Unconstrained build operations Thread 9" [_thread_blocked, id=3624, stack(0x00000025c9100000,0x00000025c9200000)]
  0x000001dace0f9000 JavaThread "Unconstrained build operations Thread 10" [_thread_blocked, id=10888, stack(0x00000025c9200000,0x00000025c9300000)]
  0x000001dace0fe800 Thread [stack: 0x00000025c9300000,0x00000025c9400000] [id=16892]
  0x000001dace100000 Thread [stack: 0x00000025c9400000,0x00000025c9500000] [id=9092]
  0x000001dace0ff800 Thread [stack: 0x00000025c9500000,0x00000025c9600000] [id=13216]
  0x000001dace0fa800 JavaThread "Unconstrained build operations Thread 14" [_thread_blocked, id=264, stack(0x00000025c9600000,0x00000025c9700000)]
  0x000001dace105000 Thread [stack: 0x00000025c9700000,0x00000025c9800000] [id=19188]
  0x000001dace102000 Thread [stack: 0x00000025c9800000,0x00000025c9900000] [id=3164]
  0x000001dace106000 JavaThread "Unconstrained build operations Thread 17" [_thread_blocked, id=19216, stack(0x00000025c9900000,0x00000025c9a00000)]
  0x000001dace103800 JavaThread "Unconstrained build operations Thread 18" [_thread_blocked, id=12344, stack(0x00000025c9a00000,0x00000025c9b00000)]
  0x000001dace107000 Thread [stack: 0x00000025c9b00000,0x00000025c9c00000] [id=16900]
  0x000001dace101000 Thread [stack: 0x00000025c9c00000,0x00000025c9d00000] [id=18080]
  0x000001dace107800 JavaThread "Unconstrained build operations Thread 21" [_thread_blocked, id=16448, stack(0x00000025c9d00000,0x00000025c9e00000)]
  0x000001dace108800 Thread [stack: 0x00000025c9e00000,0x00000025c9f00000] [id=8944]
  0x000001dace104800 Thread [stack: 0x00000025c9f00000,0x00000025ca000000] [id=11856]
  0x000001dace102800 Thread [stack: 0x00000025ca000000,0x00000025ca100000] [id=10224]
  0x000001dace10f000 JavaThread "Unconstrained build operations Thread 25" [_thread_blocked, id=15000, stack(0x00000025ca100000,0x00000025ca200000)]
  0x000001dace10a000 JavaThread "Unconstrained build operations Thread 26" [_thread_blocked, id=15856, stack(0x00000025ca200000,0x00000025ca300000)]
  0x000001dace10b800 Thread [stack: 0x00000025ca300000,0x00000025ca400000] [id=3680]
  0x000001dace10e000 Thread [stack: 0x00000025ca400000,0x00000025ca500000] [id=13136]
  0x000001dace10d800 Thread [stack: 0x00000025ca500000,0x00000025ca600000] [id=20476]
  0x000001dace10c800 JavaThread "Unconstrained build operations Thread 30" [_thread_blocked, id=1796, stack(0x00000025ca600000,0x00000025ca700000)]
  0x000001dace10b000 Thread [stack: 0x00000025ca700000,0x00000025ca800000] [id=10124]
  0x000001dace109000 Thread [stack: 0x00000025ca800000,0x00000025ca900000] [id=10184]
  0x000001dace114800 JavaThread "Unconstrained build operations Thread 33" [_thread_blocked, id=1184, stack(0x00000025ca900000,0x00000025caa00000)]
  0x000001dace112000 Thread [stack: 0x00000025caa00000,0x00000025cab00000] [id=14348]
  0x000001dace114000 Thread [stack: 0x00000025cab00000,0x00000025cac00000] [id=16700]
  0x000001dace115800 Thread [stack: 0x00000025cac00000,0x00000025cad00000] [id=19536]
  0x000001dace110000 Thread [stack: 0x00000025cad00000,0x00000025cae00000] [id=9964]
  0x000001dace111800 Thread [stack: 0x00000025cae00000,0x00000025caf00000] [id=12200]
  0x000001dace116800 Thread [stack: 0x00000025caf00000,0x00000025cb000000] [id=15488]
  0x000001dace110800 Thread [stack: 0x00000025cb000000,0x00000025cb100000] [id=18296]
  0x000001dace117000 JavaThread "Unconstrained build operations Thread 41" [_thread_blocked, id=16200, stack(0x00000025cb100000,0x00000025cb200000)]
  0x000001dace113000 Thread [stack: 0x00000025cb200000,0x00000025cb300000] [id=14688]
  0x000001dac7bc9000 Thread [stack: 0x00000025cb300000,0x00000025cb400000] [id=0]
  0x000001dac7bc6000 Thread [stack: 0x00000025cb400000,0x00000025cb500000] [id=1548]
  0x000001dac7bca000 Thread [stack: 0x00000025cb500000,0x00000025cb600000] [id=392]
  0x000001dac7bc7000 Thread [stack: 0x00000025cb600000,0x00000025cb700000] [id=21416]
  0x000001dac7bc7800 Thread [stack: 0x00000025cb700000,0x00000025cb800000] [id=0]
  0x000001dac7bc4800 Thread [stack: 0x00000025cb800000,0x00000025cb900000] [id=12664]
  0x000001dac7bc8800 Thread [stack: 0x00000025cb900000,0x00000025cba00000] [id=15804]
  0x000001dac7bcb000 Thread [stack: 0x00000025cba00000,0x00000025cbb00000] [id=13936]
  0x000001dac7bc5000 Thread [stack: 0x00000025cbb00000,0x00000025cbc00000] [id=10632]
  0x000001dac7bd0800 Thread [stack: 0x00000025cbc00000,0x00000025cbd00000] [id=0]
  0x000001dac7bce000 Thread [stack: 0x00000025cbd00000,0x00000025cbe00000] [id=19340]
  0x000001dac7bcf000 Thread [stack: 0x00000025cbe00000,0x00000025cbf00000] [id=3800]
  0x000001dac7bd1800 Thread [stack: 0x00000025cbf00000,0x00000025cc000000] [id=3172]
  0x000001dac7bcb800 Thread [stack: 0x00000025cc000000,0x00000025cc100000] [id=15176]
  0x000001dac7bd2000 Thread [stack: 0x00000025cc100000,0x00000025cc200000] [id=2512]
  0x000001dac7bcc800 Thread [stack: 0x00000025cc200000,0x00000025cc300000] [id=3980]
  0x000001dac7bd3000 Thread [stack: 0x00000025cc300000,0x00000025cc400000] [id=20552]
  0x000001dac7bcd800 Thread [stack: 0x00000025cc400000,0x00000025cc500000] [id=10540]
  0x000001dac926b000 Thread [stack: 0x00000025cc500000,0x00000025cc600000] [id=16256]
  0x000001dac926c000 Thread [stack: 0x00000025cc600000,0x00000025cc700000] [id=8140]
  0x000001dac9268800 Thread [stack: 0x00000025cc700000,0x00000025cc800000] [id=17712]
  0x000001dac9267800 Thread [stack: 0x00000025cc800000,0x00000025cc900000] [id=19420]
  0x000001dac9266000 Thread [stack: 0x00000025cc900000,0x00000025cca00000] [id=19644]
  0x000001dac9269800 Thread [stack: 0x00000025cca00000,0x00000025ccb00000] [id=3132]
  0x000001dac926c800 Thread [stack: 0x00000025ccb00000,0x00000025ccc00000] [id=17428]
  0x000001dac9267000 Thread [stack: 0x00000025ccc00000,0x00000025ccd00000] [id=19352]
  0x000001dac926d800 Thread [stack: 0x00000025ccd00000,0x00000025cce00000] [id=15404]
  0x000001dac9272800 Thread [stack: 0x00000025cce00000,0x00000025ccf00000] [id=18652]
  0x000001dac9271800 Thread [stack: 0x00000025ccf00000,0x00000025cd000000] [id=3744]
  0x000001dac9273000 Thread [stack: 0x00000025cd000000,0x00000025cd100000] [id=21184]
  0x000001dac9274000 Thread [stack: 0x00000025cd100000,0x00000025cd200000] [id=14632]
  0x000001dac926e000 Thread [stack: 0x00000025cd200000,0x00000025cd300000] [id=3604]
  0x000001dac9275000 Thread [stack: 0x00000025cd300000,0x00000025cd400000] [id=15224]
  0x000001dac926f000 Thread [stack: 0x00000025cd400000,0x00000025cd500000] [id=17676]
  0x000001dac9270800 Thread [stack: 0x00000025cd500000,0x00000025cd600000] [id=11444]
  0x000001dac9270000 Thread [stack: 0x00000025cd600000,0x00000025cd700000] [id=20076]
  0x000001dac8f92800 Thread [stack: 0x00000025cd700000,0x00000025cd800000] [id=12620]
  0x000001dac8f90000 Thread [stack: 0x00000025cd800000,0x00000025cd900000] [id=20276]
=>0x000001dac8f91800 JavaThread "C2 CompilerThread1" daemon [_thread_in_native, id=20984, stack(0x00000025cd900000,0x00000025cda00000)]
  0x000001dac8f94000 JavaThread "pool-81-thread-1" [_thread_blocked, id=15480, stack(0x00000025cf600000,0x00000025cf700000)]
  0x000001dac8f9c000 Thread [stack: 0x00000025d0000000,0x00000025d0100000] [id=10316]
  0x000001dac788a000 Thread [stack: 0x00000025d0400000,0x00000025d0500000] [id=2088]
  0x000001dac788e000 Thread [stack: 0x00000025d0600000,0x00000025d0700000] [id=17128]
  0x000001dac788b000 Thread [stack: 0x00000025d0700000,0x00000025d0800000] [id=12924]
  0x000001dac7895800 Thread [stack: 0x00000025d0800000,0x00000025d0900000] [id=5080]
  0x000001dac7894000 Thread [stack: 0x00000025d0900000,0x00000025d0a00000] [id=18848]
  0x000001dac7896000 Thread [stack: 0x00000025d0a00000,0x00000025d0b00000] [id=4348]
  0x000001dac7891800 Thread [stack: 0x00000025d0b00000,0x00000025d0c00000] [id=12536]
  0x000001dac7892000 Thread [stack: 0x00000025d0c00000,0x00000025d0d00000] [id=17048]
  0x000001dac7898800 Thread [stack: 0x00000025d0d00000,0x00000025d0e00000] [id=8024]
  0x000001dac3056800 Thread [stack: 0x00000025d0f00000,0x00000025d1000000] [id=4376]
  0x000001dac3055800 Thread [stack: 0x00000025d1000000,0x00000025d1100000] [id=17788]
  0x000001dac3052000 Thread [stack: 0x00000025d1100000,0x00000025d1200000] [id=12516]
  0x000001dac3059800 Thread [stack: 0x00000025d1200000,0x00000025d1300000] [id=10176]
  0x000001dac3054000 Thread [stack: 0x00000025d1300000,0x00000025d1400000] [id=11084]
  0x000001dac3058800 Thread [stack: 0x00000025d1400000,0x00000025d1500000] [id=11996]
  0x000001dac305d000 JavaThread "ForkJoinPool.commonPool-worker-5" daemon [_thread_blocked, id=13484, stack(0x00000025cda00000,0x00000025cdb00000)]
  0x000001dac305a800 JavaThread "ForkJoinPool.commonPool-worker-7" daemon [_thread_blocked, id=7076, stack(0x00000025d1500000,0x00000025d1600000)]
  0x000001dac3061000 JavaThread "ForkJoinPool.commonPool-worker-9" daemon [_thread_blocked, id=2684, stack(0x00000025d1600000,0x00000025d1700000)]
  0x000001dac305b000 JavaThread "ForkJoinPool.commonPool-worker-11" daemon [_thread_blocked, id=13028, stack(0x00000025d1700000,0x00000025d1800000)]
  0x000001dac305c000 JavaThread "ForkJoinPool.commonPool-worker-15" daemon [_thread_blocked, id=18580, stack(0x00000025d1800000,0x00000025d1900000)]
  0x000001dac305f800 JavaThread "ForkJoinPool.commonPool-worker-13" daemon [_thread_blocked, id=12904, stack(0x00000025d1900000,0x00000025d1a00000)]
  0x000001dac626b000 JavaThread "C2 CompilerThread2" daemon [_thread_in_native, id=9044, stack(0x00000025c7e00000,0x00000025c7f00000)]
  0x000001dac626b000 JavaThread "C2 CompilerThread2" daemon [_thread_in_native, id=9044, stack(0x00000025c7e00000,0x00000025c7f00000)]

Other Threads:
  0x000001dabfd38800 VMThread "VM Thread" [stack: 0x00000025c5d00000,0x00000025c5e00000] [id=8460]
  0x000001dac0765800 WatcherThread [stack: 0x00000025c6700000,0x00000025c6800000] [id=14104]
  0x000001daa390d800 GCTaskThread "GC Thread#0" [stack: 0x00000025c5800000,0x00000025c5900000] [id=8536]
  0x000001dac16ae000 GCTaskThread "GC Thread#1" [stack: 0x00000025c6900000,0x00000025c6a00000] [id=20896]
  0x000001dac1764800 GCTaskThread "GC Thread#2" [stack: 0x00000025c6a00000,0x00000025c6b00000] [id=17376]
  0x000001dac1765000 GCTaskThread "GC Thread#3" [stack: 0x00000025c6b00000,0x00000025c6c00000] [id=20368]
  0x000001dac32f1800 GCTaskThread "GC Thread#4" [stack: 0x00000025c7800000,0x00000025c7900000] [id=3388]
  0x000001dac1388800 GCTaskThread "GC Thread#5" [stack: 0x00000025c7900000,0x00000025c7a00000] [id=9792]
  0x000001dac11ed800 GCTaskThread "GC Thread#6" [stack: 0x00000025c7a00000,0x00000025c7b00000] [id=20872]
  0x000001dac2197000 GCTaskThread "GC Thread#7" [stack: 0x00000025c7b00000,0x00000025c7c00000] [id=19284]
  0x000001daa393f800 ConcurrentGCThread "G1 Main Marker" [stack: 0x00000025c5900000,0x00000025c5a00000] [id=17800]
  0x000001daa3941000 ConcurrentGCThread "G1 Conc#0" [stack: 0x00000025c5a00000,0x00000025c5b00000] [id=13828]
  0x000001dac3f76000 ConcurrentGCThread "G1 Conc#1" [stack: 0x00000025c7c00000,0x00000025c7d00000] [id=17728]
  0x000001dabfbaa800 ConcurrentGCThread "G1 Refine#0" [stack: 0x00000025c5b00000,0x00000025c5c00000] [id=17812]
  0x000001dac1f5f800 ConcurrentGCThread "G1 Refine#1" [stack: 0x00000025c5400000,0x00000025c5500000] [id=19468]
  0x000001dac4aed800 ConcurrentGCThread "G1 Refine#2" [stack: 0x00000025c5500000,0x00000025c5600000] [id=20232]
  0x000001daa39cd800 ConcurrentGCThread "G1 Young RemSet Sampling" [stack: 0x00000025c5c00000,0x00000025c5d00000] [id=19580]

Threads with active compile tasks:
C2 CompilerThread09576784 30812 %     4       com.android.tools.r8.internal.mH0::a @ 2412 (4225 bytes)
C2 CompilerThread19576784 30923       4       com.android.tools.r8.internal.TR0::a (1133 bytes)
C2 CompilerThread29576784 31133       4       java.util.Properties::load0 (249 bytes)

VM state:not at safepoint (normal execution)

VM Mutex/Monitor currently owned by a thread: None

Heap address: 0x0000000080000000, size: 2048 MB, Compressed Oops mode: 32-bit
Narrow klass base: 0x0000000000000000, Narrow klass shift: 3
Compressed class space size: 1073741824 Address: 0x0000000100000000

Heap:
 garbage-first heap   total 194560K, used 113894K [0x0000000080000000, 0x0000000100000000)
  region size 1024K, 5 young (5120K), 1 survivors (1024K)
 Metaspace       used 134585K, capacity 139555K, committed 139828K, reserved 1171456K
  class space    used 16409K, capacity 18186K, committed 18304K, reserved 1048576K
Heap Regions: E=young(eden), S=young(survivor), O=old, HS=humongous(starts), HC=humongous(continues), CS=collection set, F=free, A=archive, TAMS=top-at-mark-start (previous, next)
|   0|0x0000000080000000, 0x0000000080100000, 0x0000000080100000|100%| O|  |TAMS 0x0000000080100000, 0x0000000080000000| Untracked 
|   1|0x0000000080100000, 0x0000000080200000, 0x0000000080200000|100%| O|  |TAMS 0x0000000080200000, 0x0000000080100000| Untracked 
|   2|0x0000000080200000, 0x0000000080300000, 0x0000000080300000|100%| O|  |TAMS 0x0000000080300000, 0x0000000080200000| Untracked 
|   3|0x0000000080300000, 0x0000000080400000, 0x0000000080400000|100%|HS|  |TAMS 0x0000000080400000, 0x0000000080300000| Complete 
|   4|0x0000000080400000, 0x0000000080500000, 0x0000000080500000|100%|HC|  |TAMS 0x0000000080500000, 0x0000000080400000| Complete 
|   5|0x0000000080500000, 0x0000000080600000, 0x0000000080600000|100%|HC|  |TAMS 0x0000000080600000, 0x0000000080500000| Complete 
|   6|0x0000000080600000, 0x0000000080700000, 0x0000000080700000|100%| O|  |TAMS 0x0000000080700000, 0x0000000080600000| Untracked 
|   7|0x0000000080700000, 0x0000000080800000, 0x0000000080800000|100%| O|  |TAMS 0x0000000080800000, 0x0000000080700000| Untracked 
|   8|0x0000000080800000, 0x0000000080900000, 0x0000000080900000|100%| O|  |TAMS 0x0000000080900000, 0x0000000080800000| Untracked 
|   9|0x0000000080900000, 0x0000000080a00000, 0x0000000080a00000|100%| O|  |TAMS 0x0000000080a00000, 0x0000000080900000| Untracked 
|  10|0x0000000080a00000, 0x0000000080b00000, 0x0000000080b00000|100%| O|  |TAMS 0x0000000080b00000, 0x0000000080a00000| Untracked 
|  11|0x0000000080b00000, 0x0000000080c00000, 0x0000000080c00000|100%| O|  |TAMS 0x0000000080c00000, 0x0000000080b00000| Untracked 
|  12|0x0000000080c00000, 0x0000000080d00000, 0x0000000080d00000|100%| O|  |TAMS 0x0000000080d00000, 0x0000000080c00000| Untracked 
|  13|0x0000000080d00000, 0x0000000080e00000, 0x0000000080e00000|100%| O|  |TAMS 0x0000000080e00000, 0x0000000080d00000| Untracked 
|  14|0x0000000080e00000, 0x0000000080f00000, 0x0000000080f00000|100%| O|  |TAMS 0x0000000080f00000, 0x0000000080e00000| Untracked 
|  15|0x0000000080f00000, 0x0000000081000000, 0x0000000081000000|100%| O|  |TAMS 0x0000000081000000, 0x0000000080f00000| Untracked 
|  16|0x0000000081000000, 0x0000000081100000, 0x0000000081100000|100%|HS|  |TAMS 0x0000000081100000, 0x0000000081000000| Complete 
|  17|0x0000000081100000, 0x0000000081200000, 0x0000000081200000|100%|HS|  |TAMS 0x0000000081200000, 0x0000000081100000| Complete 
|  18|0x0000000081200000, 0x0000000081300000, 0x0000000081300000|100%|HS|  |TAMS 0x0000000081300000, 0x0000000081200000| Complete 
|  19|0x0000000081300000, 0x0000000081400000, 0x0000000081400000|100%| O|  |TAMS 0x0000000081400000, 0x0000000081300000| Untracked 
|  20|0x0000000081400000, 0x0000000081500000, 0x0000000081500000|100%| O|  |TAMS 0x0000000081500000, 0x0000000081400000| Untracked 
|  21|0x0000000081500000, 0x0000000081600000, 0x0000000081600000|100%| O|  |TAMS 0x0000000081600000, 0x0000000081500000| Untracked 
|  22|0x0000000081600000, 0x0000000081700000, 0x0000000081700000|100%| O|  |TAMS 0x0000000081700000, 0x0000000081600000| Untracked 
|  23|0x0000000081700000, 0x0000000081800000, 0x0000000081800000|100%| O|  |TAMS 0x0000000081800000, 0x0000000081700000| Untracked 
|  24|0x0000000081800000, 0x0000000081900000, 0x0000000081900000|100%| O|  |TAMS 0x0000000081900000, 0x0000000081800000| Untracked 
|  25|0x0000000081900000, 0x0000000081a00000, 0x0000000081a00000|100%|HS|  |TAMS 0x0000000081a00000, 0x0000000081900000| Complete 
|  26|0x0000000081a00000, 0x0000000081b00000, 0x0000000081b00000|100%|HC|  |TAMS 0x0000000081b00000, 0x0000000081a00000| Complete 
|  27|0x0000000081b00000, 0x0000000081c00000, 0x0000000081c00000|100%| O|  |TAMS 0x0000000081c00000, 0x0000000081b00000| Untracked 
|  28|0x0000000081c00000, 0x0000000081d00000, 0x0000000081d00000|100%| O|  |TAMS 0x0000000081d00000, 0x0000000081c00000| Untracked 
|  29|0x0000000081d00000, 0x0000000081e00000, 0x0000000081e00000|100%| O|  |TAMS 0x0000000081e00000, 0x0000000081d00000| Untracked 
|  30|0x0000000081e00000, 0x0000000081f00000, 0x0000000081f00000|100%| O|  |TAMS 0x0000000081e00000, 0x0000000081e00000| Untracked 
|  31|0x0000000081f00000, 0x0000000082000000, 0x0000000082000000|100%| O|  |TAMS 0x0000000081f00000, 0x0000000081f00000| Untracked 
|  32|0x0000000082000000, 0x0000000082100000, 0x0000000082100000|100%| O|  |TAMS 0x0000000082100000, 0x0000000082000000| Untracked 
|  33|0x0000000082100000, 0x0000000082200000, 0x0000000082200000|100%| O|  |TAMS 0x0000000082200000, 0x0000000082100000| Untracked 
|  34|0x0000000082200000, 0x0000000082300000, 0x0000000082300000|100%| O|  |TAMS 0x0000000082300000, 0x0000000082200000| Untracked 
|  35|0x0000000082300000, 0x0000000082400000, 0x0000000082400000|100%| O|  |TAMS 0x0000000082400000, 0x0000000082300000| Untracked 
|  36|0x0000000082400000, 0x0000000082500000, 0x0000000082500000|100%|HS|  |TAMS 0x0000000082500000, 0x0000000082400000| Complete 
|  37|0x0000000082500000, 0x0000000082600000, 0x0000000082600000|100%|HC|  |TAMS 0x0000000082600000, 0x0000000082500000| Complete 
|  38|0x0000000082600000, 0x0000000082700000, 0x0000000082700000|100%| O|  |TAMS 0x0000000082700000, 0x0000000082600000| Untracked 
|  39|0x0000000082700000, 0x0000000082800000, 0x0000000082800000|100%| O|  |TAMS 0x0000000082800000, 0x0000000082700000| Untracked 
|  40|0x0000000082800000, 0x0000000082900000, 0x0000000082900000|100%| O|  |TAMS 0x0000000082900000, 0x0000000082800000| Untracked 
|  41|0x0000000082900000, 0x0000000082a00000, 0x0000000082a00000|100%| O|  |TAMS 0x0000000082a00000, 0x0000000082900000| Untracked 
|  42|0x0000000082a00000, 0x0000000082b00000, 0x0000000082b00000|100%| O|  |TAMS 0x0000000082b00000, 0x0000000082a00000| Untracked 
|  43|0x0000000082b00000, 0x0000000082c00000, 0x0000000082c00000|100%| O|  |TAMS 0x0000000082c00000, 0x0000000082b00000| Untracked 
|  44|0x0000000082c00000, 0x0000000082d00000, 0x0000000082d00000|100%| O|  |TAMS 0x0000000082d00000, 0x0000000082c00000| Untracked 
|  45|0x0000000082d00000, 0x0000000082e00000, 0x0000000082e00000|100%| O|  |TAMS 0x0000000082e00000, 0x0000000082d00000| Untracked 
|  46|0x0000000082e00000, 0x0000000082e00000, 0x0000000082f00000|  0%| F|  |TAMS 0x0000000082e00000, 0x0000000082e00000| Untracked 
|  47|0x0000000082f00000, 0x0000000083000000, 0x0000000083000000|100%| O|  |TAMS 0x0000000083000000, 0x0000000082f00000| Untracked 
|  48|0x0000000083000000, 0x0000000083100000, 0x0000000083100000|100%| O|  |TAMS 0x0000000083100000, 0x0000000083000000| Untracked 
|  49|0x0000000083100000, 0x0000000083200000, 0x0000000083200000|100%| O|  |TAMS 0x0000000083100000, 0x0000000083100000| Untracked 
|  50|0x0000000083200000, 0x0000000083300000, 0x0000000083300000|100%| O|  |TAMS 0x0000000083300000, 0x0000000083200000| Untracked 
|  51|0x0000000083300000, 0x0000000083400000, 0x0000000083400000|100%| O|  |TAMS 0x0000000083400000, 0x0000000083300000| Untracked 
|  52|0x0000000083400000, 0x0000000083500000, 0x0000000083500000|100%| O|  |TAMS 0x0000000083500000, 0x0000000083400000| Untracked 
|  53|0x0000000083500000, 0x0000000083600000, 0x0000000083600000|100%| O|  |TAMS 0x0000000083600000, 0x0000000083500000| Untracked 
|  54|0x0000000083600000, 0x0000000083700000, 0x0000000083700000|100%| O|  |TAMS 0x0000000083700000, 0x0000000083600000| Untracked 
|  55|0x0000000083700000, 0x0000000083800000, 0x0000000083800000|100%| O|  |TAMS 0x0000000083800000, 0x0000000083700000| Untracked 
|  56|0x0000000083800000, 0x0000000083900000, 0x0000000083900000|100%| O|  |TAMS 0x0000000083900000, 0x0000000083800000| Untracked 
|  57|0x0000000083900000, 0x0000000083a00000, 0x0000000083a00000|100%| O|  |TAMS 0x0000000083a00000, 0x0000000083900000| Untracked 
|  58|0x0000000083a00000, 0x0000000083b00000, 0x0000000083b00000|100%| O|  |TAMS 0x0000000083b00000, 0x0000000083a00000| Untracked 
|  59|0x0000000083b00000, 0x0000000083c00000, 0x0000000083c00000|100%| O|  |TAMS 0x0000000083c00000, 0x0000000083b00000| Untracked 
|  60|0x0000000083c00000, 0x0000000083d00000, 0x0000000083d00000|100%| O|  |TAMS 0x0000000083d00000, 0x0000000083c00000| Untracked 
|  61|0x0000000083d00000, 0x0000000083e00000, 0x0000000083e00000|100%| O|  |TAMS 0x0000000083e00000, 0x0000000083d00000| Untracked 
|  62|0x0000000083e00000, 0x0000000083f00000, 0x0000000083f00000|100%| O|  |TAMS 0x0000000083e00000, 0x0000000083e00000| Untracked 
|  63|0x0000000083f00000, 0x0000000084000000, 0x0000000084000000|100%| O|  |TAMS 0x0000000083f00000, 0x0000000083f00000| Untracked 
|  64|0x0000000084000000, 0x0000000084100000, 0x0000000084100000|100%| O|  |TAMS 0x0000000084100000, 0x0000000084000000| Untracked 
|  65|0x0000000084100000, 0x0000000084200000, 0x0000000084200000|100%| O|  |TAMS 0x0000000084200000, 0x0000000084100000| Untracked 
|  66|0x0000000084200000, 0x0000000084300000, 0x0000000084300000|100%| O|  |TAMS 0x0000000084300000, 0x0000000084200000| Untracked 
|  67|0x0000000084300000, 0x0000000084300000, 0x0000000084400000|  0%| F|  |TAMS 0x0000000084300000, 0x0000000084300000| Untracked 
|  68|0x0000000084400000, 0x0000000084400000, 0x0000000084500000|  0%| F|  |TAMS 0x0000000084400000, 0x0000000084400000| Untracked 
|  69|0x0000000084500000, 0x0000000084500000, 0x0000000084600000|  0%| F|  |TAMS 0x0000000084500000, 0x0000000084500000| Untracked 
|  70|0x0000000084600000, 0x0000000084600000, 0x0000000084700000|  0%| F|  |TAMS 0x0000000084600000, 0x0000000084600000| Untracked 
|  71|0x0000000084700000, 0x0000000084700000, 0x0000000084800000|  0%| F|  |TAMS 0x0000000084700000, 0x0000000084700000| Untracked 
|  72|0x0000000084800000, 0x0000000084800000, 0x0000000084900000|  0%| F|  |TAMS 0x0000000084800000, 0x0000000084800000| Untracked 
|  73|0x0000000084900000, 0x0000000084a00000, 0x0000000084a00000|100%| O|  |TAMS 0x0000000084a00000, 0x0000000084900000| Untracked 
|  74|0x0000000084a00000, 0x0000000084b00000, 0x0000000084b00000|100%| O|  |TAMS 0x0000000084a00000, 0x0000000084a00000| Untracked 
|  75|0x0000000084b00000, 0x0000000084c00000, 0x0000000084c00000|100%| O|  |TAMS 0x0000000084c00000, 0x0000000084b00000| Untracked 
|  76|0x0000000084c00000, 0x0000000084d00000, 0x0000000084d00000|100%| O|  |TAMS 0x0000000084d00000, 0x0000000084c00000| Untracked 
|  77|0x0000000084d00000, 0x0000000084e00000, 0x0000000084e00000|100%| O|  |TAMS 0x0000000084e00000, 0x0000000084d00000| Untracked 
|  78|0x0000000084e00000, 0x0000000084f00000, 0x0000000084f00000|100%| O|  |TAMS 0x0000000084e00000, 0x0000000084e00000| Untracked 
|  79|0x0000000084f00000, 0x0000000084f00000, 0x0000000085000000|  0%| F|  |TAMS 0x0000000084f00000, 0x0000000084f00000| Untracked 
|  80|0x0000000085000000, 0x0000000085100000, 0x0000000085100000|100%| O|  |TAMS 0x0000000085100000, 0x0000000085000000| Untracked 
|  81|0x0000000085100000, 0x0000000085200000, 0x0000000085200000|100%| O|  |TAMS 0x0000000085200000, 0x0000000085100000| Untracked 
|  82|0x0000000085200000, 0x0000000085300000, 0x0000000085300000|100%| O|  |TAMS 0x0000000085300000, 0x0000000085200000| Untracked 
|  83|0x0000000085300000, 0x0000000085400000, 0x0000000085400000|100%| O|  |TAMS 0x0000000085400000, 0x0000000085300000| Untracked 
|  84|0x0000000085400000, 0x0000000085500000, 0x0000000085500000|100%| O|  |TAMS 0x0000000085500000, 0x0000000085400000| Untracked 
|  85|0x0000000085500000, 0x0000000085600000, 0x0000000085600000|100%| O|  |TAMS 0x0000000085600000, 0x0000000085500000| Untracked 
|  86|0x0000000085600000, 0x0000000085600000, 0x0000000085700000|  0%| F|  |TAMS 0x0000000085600000, 0x0000000085600000| Untracked 
|  87|0x0000000085700000, 0x0000000085700000, 0x0000000085800000|  0%| F|  |TAMS 0x0000000085700000, 0x0000000085700000| Untracked 
|  88|0x0000000085800000, 0x0000000085800000, 0x0000000085900000|  0%| F|  |TAMS 0x0000000085800000, 0x0000000085800000| Untracked 
|  89|0x0000000085900000, 0x0000000085a00000, 0x0000000085a00000|100%| O|  |TAMS 0x0000000085a00000, 0x0000000085900000| Untracked 
|  90|0x0000000085a00000, 0x0000000085b00000, 0x0000000085b00000|100%| O|  |TAMS 0x0000000085b00000, 0x0000000085a00000| Untracked 
|  91|0x0000000085b00000, 0x0000000085b00000, 0x0000000085c00000|  0%| F|  |TAMS 0x0000000085b00000, 0x0000000085b00000| Untracked 
|  92|0x0000000085c00000, 0x0000000085c00000, 0x0000000085d00000|  0%| F|  |TAMS 0x0000000085c00000, 0x0000000085c00000| Untracked 
|  93|0x0000000085d00000, 0x0000000085e00000, 0x0000000085e00000|100%| O|  |TAMS 0x0000000085e00000, 0x0000000085d00000| Untracked 
|  94|0x0000000085e00000, 0x0000000085f00000, 0x0000000085f00000|100%| O|  |TAMS 0x0000000085f00000, 0x0000000085e00000| Untracked 
|  95|0x0000000085f00000, 0x0000000085f00000, 0x0000000086000000|  0%| F|  |TAMS 0x0000000085f00000, 0x0000000085f00000| Untracked 
|  96|0x0000000086000000, 0x0000000086000000, 0x0000000086100000|  0%| F|  |TAMS 0x0000000086000000, 0x0000000086000000| Untracked 
|  97|0x0000000086100000, 0x0000000086100000, 0x0000000086200000|  0%| F|  |TAMS 0x0000000086100000, 0x0000000086100000| Untracked 
|  98|0x0000000086200000, 0x0000000086300000, 0x0000000086300000|100%| O|  |TAMS 0x0000000086300000, 0x0000000086200000| Untracked 
|  99|0x0000000086300000, 0x0000000086400000, 0x0000000086400000|100%| O|  |TAMS 0x0000000086400000, 0x0000000086300000| Untracked 
| 100|0x0000000086400000, 0x0000000086400000, 0x0000000086500000|  0%| F|  |TAMS 0x0000000086400000, 0x0000000086400000| Untracked 
| 101|0x0000000086500000, 0x0000000086600000, 0x0000000086600000|100%| O|  |TAMS 0x0000000086600000, 0x0000000086500000| Untracked 
| 102|0x0000000086600000, 0x0000000086700000, 0x0000000086700000|100%| O|  |TAMS 0x0000000086700000, 0x0000000086600000| Untracked 
| 103|0x0000000086700000, 0x0000000086800000, 0x0000000086800000|100%| O|  |TAMS 0x0000000086800000, 0x0000000086700000| Untracked 
| 104|0x0000000086800000, 0x0000000086900000, 0x0000000086900000|100%| O|  |TAMS 0x0000000086900000, 0x0000000086800000| Untracked 
| 105|0x0000000086900000, 0x0000000086a00000, 0x0000000086a00000|100%| O|  |TAMS 0x0000000086a00000, 0x0000000086900000| Untracked 
| 106|0x0000000086a00000, 0x0000000086a00000, 0x0000000086b00000|  0%| F|  |TAMS 0x0000000086a00000, 0x0000000086a00000| Untracked 
| 107|0x0000000086b00000, 0x0000000086b00000, 0x0000000086c00000|  0%| F|  |TAMS 0x0000000086b00000, 0x0000000086b00000| Untracked 
| 108|0x0000000086c00000, 0x0000000086d00000, 0x0000000086d00000|100%| O|  |TAMS 0x0000000086d00000, 0x0000000086c00000| Untracked 
| 109|0x0000000086d00000, 0x0000000086e00000, 0x0000000086e00000|100%| O|  |TAMS 0x0000000086e00000, 0x0000000086d00000| Untracked 
| 110|0x0000000086e00000, 0x0000000086e00000, 0x0000000086f00000|  0%| F|  |TAMS 0x0000000086e00000, 0x0000000086e00000| Untracked 
| 111|0x0000000086f00000, 0x0000000087000000, 0x0000000087000000|100%| O|  |TAMS 0x0000000087000000, 0x0000000086f00000| Untracked 
| 112|0x0000000087000000, 0x0000000087100000, 0x0000000087100000|100%| O|  |TAMS 0x0000000087100000, 0x0000000087000000| Untracked 
| 113|0x0000000087100000, 0x0000000087200000, 0x0000000087200000|100%| O|  |TAMS 0x0000000087200000, 0x0000000087100000| Untracked 
| 114|0x0000000087200000, 0x0000000087300000, 0x0000000087300000|100%| O|  |TAMS 0x0000000087300000, 0x0000000087200000| Untracked 
| 115|0x0000000087300000, 0x0000000087400000, 0x0000000087400000|100%| O|  |TAMS 0x0000000087400000, 0x0000000087300000| Untracked 
| 116|0x0000000087400000, 0x0000000087400000, 0x0000000087500000|  0%| F|  |TAMS 0x0000000087400000, 0x0000000087400000| Untracked 
| 117|0x0000000087500000, 0x0000000087600000, 0x0000000087600000|100%| O|  |TAMS 0x0000000087600000, 0x0000000087500000| Untracked 
| 118|0x0000000087600000, 0x0000000087700000, 0x0000000087700000|100%| O|  |TAMS 0x0000000087600000, 0x0000000087600000| Untracked 
| 119|0x0000000087700000, 0x0000000087800000, 0x0000000087800000|100%| O|  |TAMS 0x0000000087800000, 0x0000000087700000| Untracked 
| 120|0x0000000087800000, 0x0000000087900000, 0x0000000087900000|100%| O|  |TAMS 0x0000000087800000, 0x0000000087800000| Untracked 
| 121|0x0000000087900000, 0x0000000087a00000, 0x0000000087a00000|100%| O|  |TAMS 0x0000000087a00000, 0x0000000087900000| Untracked 
| 122|0x0000000087a00000, 0x0000000087b00000, 0x0000000087b00000|100%| O|  |TAMS 0x0000000087a00000, 0x0000000087a00000| Untracked 
| 123|0x0000000087b00000, 0x0000000087c00000, 0x0000000087c00000|100%| O|  |TAMS 0x0000000087c00000, 0x0000000087b00000| Untracked 
| 124|0x0000000087c00000, 0x0000000087d00000, 0x0000000087d00000|100%| O|  |TAMS 0x0000000087d00000, 0x0000000087c00000| Untracked 
| 125|0x0000000087d00000, 0x0000000087d00000, 0x0000000087e00000|  0%| F|  |TAMS 0x0000000087d00000, 0x0000000087d00000| Untracked 
| 126|0x0000000087e00000, 0x0000000087e00000, 0x0000000087f00000|  0%| F|  |TAMS 0x0000000087e00000, 0x0000000087e00000| Untracked 
| 127|0x0000000087f00000, 0x0000000087f00000, 0x0000000088000000|  0%| F|  |TAMS 0x0000000087f00000, 0x0000000087f00000| Untracked 
| 128|0x0000000088000000, 0x0000000088000000, 0x0000000088100000|  0%| F|  |TAMS 0x0000000088000000, 0x0000000088000000| Untracked 
| 129|0x0000000088100000, 0x0000000088100000, 0x0000000088200000|  0%| F|  |TAMS 0x0000000088100000, 0x0000000088100000| Untracked 
| 130|0x0000000088200000, 0x0000000088200000, 0x0000000088300000|  0%| F|  |TAMS 0x0000000088200000, 0x0000000088200000| Untracked 
| 131|0x0000000088300000, 0x0000000088400000, 0x0000000088400000|100%| O|  |TAMS 0x0000000088300000, 0x0000000088300000| Untracked 
| 132|0x0000000088400000, 0x0000000088500000, 0x0000000088500000|100%| O|  |TAMS 0x0000000088400000, 0x0000000088400000| Untracked 
| 133|0x0000000088500000, 0x0000000088600000, 0x0000000088600000|100%| O|  |TAMS 0x0000000088500000, 0x0000000088500000| Untracked 
| 134|0x0000000088600000, 0x000000008863ca00, 0x0000000088700000| 23%| O|  |TAMS 0x0000000088600000, 0x0000000088600000| Untracked 
| 135|0x0000000088700000, 0x0000000088700000, 0x0000000088800000|  0%| F|  |TAMS 0x0000000088700000, 0x0000000088700000| Untracked 
| 136|0x0000000088800000, 0x0000000088800000, 0x0000000088900000|  0%| F|  |TAMS 0x0000000088800000, 0x0000000088800000| Untracked 
| 137|0x0000000088900000, 0x0000000088900000, 0x0000000088a00000|  0%| F|  |TAMS 0x0000000088900000, 0x0000000088900000| Untracked 
| 138|0x0000000088a00000, 0x0000000088a00000, 0x0000000088b00000|  0%| F|  |TAMS 0x0000000088a00000, 0x0000000088a00000| Untracked 
| 139|0x0000000088b00000, 0x0000000088b00000, 0x0000000088c00000|  0%| F|  |TAMS 0x0000000088b00000, 0x0000000088b00000| Untracked 
| 140|0x0000000088c00000, 0x0000000088c00000, 0x0000000088d00000|  0%| F|  |TAMS 0x0000000088c00000, 0x0000000088c00000| Untracked 
| 141|0x0000000088d00000, 0x0000000088d00000, 0x0000000088e00000|  0%| F|  |TAMS 0x0000000088d00000, 0x0000000088d00000| Untracked 
| 142|0x0000000088e00000, 0x0000000088e00000, 0x0000000088f00000|  0%| F|  |TAMS 0x0000000088e00000, 0x0000000088e00000| Untracked 
| 143|0x0000000088f00000, 0x0000000088f00000, 0x0000000089000000|  0%| F|  |TAMS 0x0000000088f00000, 0x0000000088f00000| Untracked 
| 144|0x0000000089000000, 0x0000000089000000, 0x0000000089100000|  0%| F|  |TAMS 0x0000000089000000, 0x0000000089000000| Untracked 
| 145|0x0000000089100000, 0x0000000089100000, 0x0000000089200000|  0%| F|  |TAMS 0x0000000089100000, 0x0000000089100000| Untracked 
| 146|0x0000000089200000, 0x0000000089200000, 0x0000000089300000|  0%| F|  |TAMS 0x0000000089200000, 0x0000000089200000| Untracked 
| 147|0x0000000089300000, 0x0000000089300000, 0x0000000089400000|  0%| F|  |TAMS 0x0000000089300000, 0x0000000089300000| Untracked 
| 148|0x0000000089400000, 0x0000000089400000, 0x0000000089500000|  0%| F|  |TAMS 0x0000000089400000, 0x0000000089400000| Untracked 
| 149|0x0000000089500000, 0x0000000089500000, 0x0000000089600000|  0%| F|  |TAMS 0x0000000089500000, 0x0000000089500000| Untracked 
| 150|0x0000000089600000, 0x0000000089600000, 0x0000000089700000|  0%| F|  |TAMS 0x0000000089600000, 0x0000000089600000| Untracked 
| 151|0x0000000089700000, 0x0000000089700000, 0x0000000089800000|  0%| F|  |TAMS 0x0000000089700000, 0x0000000089700000| Untracked 
| 152|0x0000000089800000, 0x0000000089800000, 0x0000000089900000|  0%| F|  |TAMS 0x0000000089800000, 0x0000000089800000| Untracked 
| 153|0x0000000089900000, 0x0000000089900000, 0x0000000089a00000|  0%| F|  |TAMS 0x0000000089900000, 0x0000000089900000| Untracked 
| 154|0x0000000089a00000, 0x0000000089a00000, 0x0000000089b00000|  0%| F|  |TAMS 0x0000000089a00000, 0x0000000089a00000| Untracked 
| 155|0x0000000089b00000, 0x0000000089b00000, 0x0000000089c00000|  0%| F|  |TAMS 0x0000000089b00000, 0x0000000089b00000| Untracked 
| 156|0x0000000089c00000, 0x0000000089c00000, 0x0000000089d00000|  0%| F|  |TAMS 0x0000000089c00000, 0x0000000089c00000| Untracked 
| 157|0x0000000089d00000, 0x0000000089d00000, 0x0000000089e00000|  0%| F|  |TAMS 0x0000000089d00000, 0x0000000089d00000| Untracked 
| 158|0x0000000089e00000, 0x0000000089e00000, 0x0000000089f00000|  0%| F|  |TAMS 0x0000000089e00000, 0x0000000089e00000| Untracked 
| 159|0x0000000089f00000, 0x0000000089f00000, 0x000000008a000000|  0%| F|  |TAMS 0x0000000089f00000, 0x0000000089f00000| Untracked 
| 160|0x000000008a000000, 0x000000008a000000, 0x000000008a100000|  0%| F|  |TAMS 0x000000008a000000, 0x000000008a000000| Untracked 
| 161|0x000000008a100000, 0x000000008a100000, 0x000000008a200000|  0%| F|  |TAMS 0x000000008a100000, 0x000000008a100000| Untracked 
| 162|0x000000008a200000, 0x000000008a200000, 0x000000008a300000|  0%| F|  |TAMS 0x000000008a200000, 0x000000008a200000| Untracked 
| 163|0x000000008a300000, 0x000000008a300000, 0x000000008a400000|  0%| F|  |TAMS 0x000000008a300000, 0x000000008a300000| Untracked 
| 164|0x000000008a400000, 0x000000008a400000, 0x000000008a500000|  0%| F|  |TAMS 0x000000008a400000, 0x000000008a400000| Untracked 
| 165|0x000000008a500000, 0x000000008a500000, 0x000000008a600000|  0%| F|  |TAMS 0x000000008a500000, 0x000000008a500000| Untracked 
| 166|0x000000008a600000, 0x000000008a600000, 0x000000008a700000|  0%| F|  |TAMS 0x000000008a600000, 0x000000008a600000| Untracked 
| 167|0x000000008a700000, 0x000000008a700000, 0x000000008a800000|  0%| F|  |TAMS 0x000000008a700000, 0x000000008a700000| Untracked 
| 168|0x000000008a800000, 0x000000008a800000, 0x000000008a900000|  0%| F|  |TAMS 0x000000008a800000, 0x000000008a800000| Untracked 
| 169|0x000000008a900000, 0x000000008a900000, 0x000000008aa00000|  0%| F|  |TAMS 0x000000008a900000, 0x000000008a900000| Untracked 
| 170|0x000000008aa00000, 0x000000008aa00000, 0x000000008ab00000|  0%| F|  |TAMS 0x000000008aa00000, 0x000000008aa00000| Untracked 
| 171|0x000000008ab00000, 0x000000008ab00000, 0x000000008ac00000|  0%| F|  |TAMS 0x000000008ab00000, 0x000000008ab00000| Untracked 
| 172|0x000000008ac00000, 0x000000008ac00000, 0x000000008ad00000|  0%| F|  |TAMS 0x000000008ac00000, 0x000000008ac00000| Untracked 
| 173|0x000000008ad00000, 0x000000008ad00000, 0x000000008ae00000|  0%| F|  |TAMS 0x000000008ad00000, 0x000000008ad00000| Untracked 
| 174|0x000000008ae00000, 0x000000008ae00000, 0x000000008af00000|  0%| F|  |TAMS 0x000000008ae00000, 0x000000008ae00000| Untracked 
| 175|0x000000008af00000, 0x000000008af00000, 0x000000008b000000|  0%| F|  |TAMS 0x000000008af00000, 0x000000008af00000| Untracked 
| 176|0x000000008b000000, 0x000000008b000000, 0x000000008b100000|  0%| F|  |TAMS 0x000000008b000000, 0x000000008b000000| Untracked 
| 177|0x000000008b100000, 0x000000008b100000, 0x000000008b200000|  0%| F|  |TAMS 0x000000008b100000, 0x000000008b100000| Untracked 
| 178|0x000000008b200000, 0x000000008b200000, 0x000000008b300000|  0%| F|  |TAMS 0x000000008b200000, 0x000000008b200000| Untracked 
| 179|0x000000008b300000, 0x000000008b300000, 0x000000008b400000|  0%| F|  |TAMS 0x000000008b300000, 0x000000008b300000| Untracked 
| 180|0x000000008b400000, 0x000000008b400000, 0x000000008b500000|  0%| F|  |TAMS 0x000000008b400000, 0x000000008b400000| Untracked 
| 181|0x000000008b500000, 0x000000008b5fd0d8, 0x000000008b600000| 98%| S|CS|TAMS 0x000000008b500000, 0x000000008b500000| Complete 
| 182|0x000000008b600000, 0x000000008b600000, 0x000000008b700000|  0%| F|  |TAMS 0x000000008b600000, 0x000000008b600000| Untracked 
| 183|0x000000008b700000, 0x000000008b700000, 0x000000008b800000|  0%| F|  |TAMS 0x000000008b700000, 0x000000008b700000| Untracked 
| 184|0x000000008b800000, 0x000000008b800000, 0x000000008b900000|  0%| F|  |TAMS 0x000000008b800000, 0x000000008b800000| Untracked 
| 185|0x000000008b900000, 0x000000008b900000, 0x000000008ba00000|  0%| F|  |TAMS 0x000000008b900000, 0x000000008b900000| Untracked 
| 186|0x000000008ba00000, 0x000000008bafaf70, 0x000000008bb00000| 98%| E|  |TAMS 0x000000008ba00000, 0x000000008ba00000| Complete 
| 187|0x000000008bb00000, 0x000000008bc00000, 0x000000008bc00000|100%| E|CS|TAMS 0x000000008bb00000, 0x000000008bb00000| Complete 
| 188|0x000000008bc00000, 0x000000008bd00000, 0x000000008bd00000|100%| E|CS|TAMS 0x000000008bc00000, 0x000000008bc00000| Complete 
| 189|0x000000008bd00000, 0x000000008be00000, 0x000000008be00000|100%| E|CS|TAMS 0x000000008bd00000, 0x000000008bd00000| Complete 

Card table byte_map: [0x000001dab8a50000,0x000001dab8e50000] _byte_map_base: 0x000001dab8650000

Marking Bits (Prev, Next): (CMBitMap*) 0x000001daa3935cf0, (CMBitMap*) 0x000001daa3935cb8
 Prev Bits: [0x000001dabb250000, 0x000001dabd250000)
 Next Bits: [0x000001dab9250000, 0x000001dabb250000)

Polling page: 0x000001daa39d0000

Metaspace:

Usage:
  Non-class:    118.52 MB capacity,   115.41 MB ( 97%) used,     2.56 MB (  2%) free+waste,   573.88 KB ( <1%) overhead. 
      Class:     17.76 MB capacity,    16.03 MB ( 90%) used,     1.49 MB (  8%) free+waste,   251.56 KB (  1%) overhead. 
       Both:    136.28 MB capacity,   131.43 MB ( 96%) used,     4.05 MB (  3%) free+waste,   825.44 KB ( <1%) overhead. 

Virtual space:
  Non-class space:      120.00 MB reserved,     118.68 MB ( 99%) committed 
      Class space:        1.00 GB reserved,      17.88 MB (  2%) committed 
             Both:        1.12 GB reserved,     136.55 MB ( 12%) committed 

Chunk freelists:
   Non-Class:  27.00 KB
       Class:  0 bytes
        Both:  27.00 KB

MaxMetaspaceSize: 17179869184.00 GB
CompressedClassSpaceSize: 1.00 GB
Initial GC threshold: 20.80 MB
Current GC threshold: 226.96 MB
CDS: off

CodeHeap 'non-profiled nmethods': size=120000Kb used=21783Kb max_used=21783Kb free=98216Kb
 bounds [0x000001dab06c0000, 0x000001dab1c10000, 0x000001dab7bf0000]
CodeHeap 'profiled nmethods': size=120000Kb used=57093Kb max_used=57554Kb free=62906Kb
 bounds [0x000001daa9190000, 0x000001daaca10000, 0x000001dab06c0000]
CodeHeap 'non-nmethods': size=5760Kb used=2454Kb max_used=2539Kb free=3305Kb
 bounds [0x000001daa8bf0000, 0x000001daa8e80000, 0x000001daa9190000]
 total_blobs=27014 nmethods=26036 adapters=889
 compilation: enabled
              stopped_count=0, restarted_count=0
 full_count=0

Compilation events (20 events):
Event: 9576.314 Thread 0x000001dac788f000 31116       4       com.android.tools.r8.graph.c1$a::hashCode (8 bytes)
Event: 9576.315 Thread 0x000001dac788f000 nmethod 31116 0x000001dab1c02c10 code [0x000001dab1c02da0, 0x000001dab1c02e28]
Event: 9576.562 Thread 0x000001dac05df800 31132       3       java.util.regex.Pattern$Curly::match (91 bytes)
Event: 9576.563 Thread 0x000001dac05df800 nmethod 31132 0x000001daaadbc710 code [0x000001daaadbc920, 0x000001daaadbcd78]
Event: 9576.564 Thread 0x000001dac05df800 31134       3       java.util.Formatter$FormatSpecifier::printInteger (131 bytes)
Event: 9576.565 Thread 0x000001dac05df800 nmethod 31134 0x000001daaaf82490 code [0x000001daaaf82740, 0x000001daaaf83628]
Event: 9576.565 Thread 0x000001dac05df800 31137       1       com.android.builder.files.RelativeFile::getRelativePath (5 bytes)
Event: 9576.565 Thread 0x000001dac05df800 nmethod 31137 0x000001dab1c02f10 code [0x000001dab1c030c0, 0x000001dab1c03178]
Event: 9576.565 Thread 0x000001dac05df800 31138       1       com.android.builder.internal.packaging.PackagedFileUpdate::getStatus (5 bytes)
Event: 9576.565 Thread 0x000001dac05df800 nmethod 31138 0x000001dab1c03210 code [0x000001dab1c033c0, 0x000001dab1c03478]
Event: 9576.565 Thread 0x000001dac05df800 31136       3       com.google.common.collect.Maps$ViewCachingAbstractMap::<init> (5 bytes)
Event: 9576.566 Thread 0x000001dac05df800 nmethod 31136 0x000001daaadbc010 code [0x000001daaadbc1c0, 0x000001daaadbc378]
Event: 9576.566 Thread 0x000001dac05df800 31135       1       com.google.common.collect.HashBiMap::size (5 bytes)
Event: 9576.566 Thread 0x000001dac05df800 nmethod 31135 0x000001dab1c03510 code [0x000001dab1c036c0, 0x000001dab1c03778]
Event: 9576.573 Thread 0x000001dac05df800 31139       1       com.android.builder.internal.packaging.PackagedFileUpdate::getSource (5 bytes)
Event: 9576.573 Thread 0x000001dac05df800 nmethod 31139 0x000001dab1c03810 code [0x000001dab1c039c0, 0x000001dab1c03a78]
Event: 9576.574 Thread 0x000001dac05df800 31140       1       com.android.builder.internal.packaging.PackagedFileUpdate::getName (5 bytes)
Event: 9576.575 Thread 0x000001dac05df800 nmethod 31140 0x000001dab1c03b10 code [0x000001dab1c03cc0, 0x000001dab1c03d78]
Event: 9576.594 Thread 0x000001dac05df800 31141       3       java.nio.DirectByteBuffer$Deallocator::<init> (41 bytes)
Event: 9576.595 Thread 0x000001dac05df800 nmethod 31141 0x000001daaa907310 code [0x000001daaa9074c0, 0x000001daaa907638]

GC Heap History (20 events):
Event: 9551.838 GC heap after
{Heap after GC invocations=154 (full 0):
 garbage-first heap   total 194560K, used 96352K [0x0000000080000000, 0x0000000100000000)
  region size 1024K, 2 young (2048K), 2 survivors (2048K)
 Metaspace       used 133752K, capacity 138657K, committed 138932K, reserved 1171456K
  class space    used 16367K, capacity 18096K, committed 18176K, reserved 1048576K
}
Event: 9553.063 GC heap before
{Heap before GC invocations=154 (full 0):
 garbage-first heap   total 194560K, used 150624K [0x0000000080000000, 0x0000000100000000)
  region size 1024K, 56 young (57344K), 2 survivors (2048K)
 Metaspace       used 133852K, capacity 138761K, committed 138932K, reserved 1171456K
  class space    used 16373K, capacity 18129K, committed 18176K, reserved 1048576K
}
Event: 9553.093 GC heap after
{Heap after GC invocations=155 (full 0):
 garbage-first heap   total 194560K, used 101117K [0x0000000080000000, 0x0000000100000000)
  region size 1024K, 7 young (7168K), 7 survivors (7168K)
 Metaspace       used 133852K, capacity 138761K, committed 138932K, reserved 1171456K
  class space    used 16373K, capacity 18129K, committed 18176K, reserved 1048576K
}
Event: 9572.522 GC heap before
{Heap before GC invocations=156 (full 0):
 garbage-first heap   total 194560K, used 153341K [0x0000000080000000, 0x0000000100000000)
  region size 1024K, 59 young (60416K), 7 survivors (7168K)
 Metaspace       used 133937K, capacity 138761K, committed 138932K, reserved 1171456K
  class space    used 16374K, capacity 18129K, committed 18176K, reserved 1048576K
}
Event: 9572.541 GC heap after
{Heap after GC invocations=157 (full 0):
 garbage-first heap   total 194560K, used 107615K [0x0000000080000000, 0x0000000100000000)
  region size 1024K, 7 young (7168K), 7 survivors (7168K)
 Metaspace       used 133937K, capacity 138761K, committed 138932K, reserved 1171456K
  class space    used 16374K, capacity 18129K, committed 18176K, reserved 1048576K
}
Event: 9572.574 GC heap before
{Heap before GC invocations=157 (full 0):
 garbage-first heap   total 194560K, used 109663K [0x0000000080000000, 0x0000000100000000)
  region size 1024K, 9 young (9216K), 7 survivors (7168K)
 Metaspace       used 133937K, capacity 138761K, committed 138932K, reserved 1171456K
  class space    used 16374K, capacity 18129K, committed 18176K, reserved 1048576K
}
Event: 9572.589 GC heap after
{Heap after GC invocations=158 (full 0):
 garbage-first heap   total 194560K, used 108140K [0x0000000080000000, 0x0000000100000000)
  region size 1024K, 2 young (2048K), 2 survivors (2048K)
 Metaspace       used 133937K, capacity 138761K, committed 138932K, reserved 1171456K
  class space    used 16374K, capacity 18129K, committed 18176K, reserved 1048576K
}
Event: 9573.953 GC heap before
{Heap before GC invocations=158 (full 0):
 garbage-first heap   total 194560K, used 155244K [0x0000000080000000, 0x0000000100000000)
  region size 1024K, 49 young (50176K), 2 survivors (2048K)
 Metaspace       used 133955K, capacity 138761K, committed 138932K, reserved 1171456K
  class space    used 16374K, capacity 18129K, committed 18176K, reserved 1048576K
}
Event: 9573.973 GC heap after
{Heap after GC invocations=159 (full 0):
 garbage-first heap   total 194560K, used 111146K [0x0000000080000000, 0x0000000100000000)
  region size 1024K, 5 young (5120K), 5 survivors (5120K)
 Metaspace       used 133955K, capacity 138761K, committed 138932K, reserved 1171456K
  class space    used 16374K, capacity 18129K, committed 18176K, reserved 1048576K
}
Event: 9574.950 GC heap before
{Heap before GC invocations=160 (full 0):
 garbage-first heap   total 194560K, used 156202K [0x0000000080000000, 0x0000000100000000)
  region size 1024K, 51 young (52224K), 5 survivors (5120K)
 Metaspace       used 134250K, capacity 139065K, committed 139188K, reserved 1171456K
  class space    used 16397K, capacity 18169K, committed 18176K, reserved 1048576K
}
Event: 9574.966 GC heap after
{Heap after GC invocations=161 (full 0):
 garbage-first heap   total 194560K, used 120322K [0x0000000080000000, 0x0000000100000000)
  region size 1024K, 7 young (7168K), 7 survivors (7168K)
 Metaspace       used 134250K, capacity 139065K, committed 139188K, reserved 1171456K
  class space    used 16397K, capacity 18169K, committed 18176K, reserved 1048576K
}
Event: 9574.991 GC heap before
{Heap before GC invocations=161 (full 0):
 garbage-first heap   total 194560K, used 122370K [0x0000000080000000, 0x0000000100000000)
  region size 1024K, 9 young (9216K), 7 survivors (7168K)
 Metaspace       used 134263K, capacity 139065K, committed 139188K, reserved 1171456K
  class space    used 16397K, capacity 18169K, committed 18176K, reserved 1048576K
}
Event: 9575.024 GC heap after
{Heap after GC invocations=162 (full 0):
 garbage-first heap   total 194560K, used 112640K [0x0000000080000000, 0x0000000100000000)
  region size 1024K, 1 young (1024K), 1 survivors (1024K)
 Metaspace       used 134263K, capacity 139065K, committed 139188K, reserved 1171456K
  class space    used 16397K, capacity 18169K, committed 18176K, reserved 1048576K
}
Event: 9575.600 GC heap before
{Heap before GC invocations=162 (full 0):
 garbage-first heap   total 194560K, used 154624K [0x0000000080000000, 0x0000000100000000)
  region size 1024K, 43 young (44032K), 1 survivors (1024K)
 Metaspace       used 134393K, capacity 139331K, committed 139444K, reserved 1171456K
  class space    used 16399K, capacity 18169K, committed 18176K, reserved 1048576K
}
Event: 9575.622 GC heap after
{Heap after GC invocations=163 (full 0):
 garbage-first heap   total 194560K, used 117067K [0x0000000080000000, 0x0000000100000000)
  region size 1024K, 6 young (6144K), 6 survivors (6144K)
 Metaspace       used 134393K, capacity 139331K, committed 139444K, reserved 1171456K
  class space    used 16399K, capacity 18169K, committed 18176K, reserved 1048576K
}
Event: 9575.831 GC heap before
{Heap before GC invocations=163 (full 0):
 garbage-first heap   total 194560K, used 155979K [0x0000000080000000, 0x0000000100000000)
  region size 1024K, 45 young (46080K), 6 survivors (6144K)
 Metaspace       used 134435K, capacity 139350K, committed 139444K, reserved 1171456K
  class space    used 16402K, capacity 18174K, committed 18176K, reserved 1048576K
}
Event: 9575.841 GC heap after
{Heap after GC invocations=164 (full 0):
 garbage-first heap   total 194560K, used 118402K [0x0000000080000000, 0x0000000100000000)
  region size 1024K, 3 young (3072K), 3 survivors (3072K)
 Metaspace       used 134435K, capacity 139350K, committed 139444K, reserved 1171456K
  class space    used 16402K, capacity 18174K, committed 18176K, reserved 1048576K
}
Event: 9576.481 GC heap before
{Heap before GC invocations=165 (full 0):
 garbage-first heap   total 194560K, used 158338K [0x0000000080000000, 0x0000000100000000)
  region size 1024K, 43 young (44032K), 3 survivors (3072K)
 Metaspace       used 134532K, capacity 139455K, committed 139828K, reserved 1171456K
  class space    used 16405K, capacity 18180K, committed 18304K, reserved 1048576K
}
Event: 9576.484 GC heap after
{Heap after GC invocations=166 (full 0):
 garbage-first heap   total 194560K, used 116515K [0x0000000080000000, 0x0000000100000000)
  region size 1024K, 1 young (1024K), 1 survivors (1024K)
 Metaspace       used 134532K, capacity 139455K, committed 139828K, reserved 1171456K
  class space    used 16405K, capacity 18180K, committed 18304K, reserved 1048576K
}
Event: 9576.660 GC heap before
{Heap before GC invocations=166 (full 0):
 garbage-first heap   total 194560K, used 135971K [0x0000000080000000, 0x0000000100000000)
  region size 1024K, 9 young (9216K), 1 survivors (1024K)
 Metaspace       used 134557K, capacity 139525K, committed 139828K, reserved 1171456K
  class space    used 16406K, capacity 18181K, committed 18304K, reserved 1048576K
}

Deoptimization events (20 events):
Event: 9575.762 Thread 0x000001dac3059800 DEOPT PACKING pc=0x000001daaa158b07 sp=0x00000025d12fc4d0
Event: 9575.762 Thread 0x000001dac3059800 DEOPT UNPACKING pc=0x000001daa8c3a95e sp=0x00000025d12fb9e8 mode 0
Event: 9575.763 Thread 0x000001dac3059800 DEOPT PACKING pc=0x000001daabad85d6 sp=0x00000025d12fc640
Event: 9575.763 Thread 0x000001dac3059800 DEOPT UNPACKING pc=0x000001daa8c3a95e sp=0x00000025d12fbca0 mode 0
Event: 9575.817 Thread 0x000001dac7898800 DEOPT PACKING pc=0x000001daababed8a sp=0x00000025d0dfc780
Event: 9575.817 Thread 0x000001dac7898800 DEOPT UNPACKING pc=0x000001daa8c3a95e sp=0x00000025d0dfbca0 mode 0
Event: 9575.828 Thread 0x000001dac7898800 DEOPT PACKING pc=0x000001daab677363 sp=0x00000025d0dfc3a0
Event: 9575.828 Thread 0x000001dac7898800 DEOPT UNPACKING pc=0x000001daa8c3a95e sp=0x00000025d0dfb9b8 mode 0
Event: 9576.100 Thread 0x000001dac3052000 DEOPT PACKING pc=0x000001daab7a202a sp=0x00000025d11fdf40
Event: 9576.100 Thread 0x000001dac3052000 DEOPT UNPACKING pc=0x000001daa8c3a95e sp=0x00000025d11fd4b8 mode 0
Event: 9576.204 Thread 0x000001dac3052000 DEOPT PACKING pc=0x000001daabb60359 sp=0x00000025d11fd530
Event: 9576.204 Thread 0x000001dac3052000 DEOPT UNPACKING pc=0x000001daa8c3a95e sp=0x00000025d11fca88 mode 0
Event: 9576.221 Thread 0x000001dac3052000 DEOPT PACKING pc=0x000001daabb7547b sp=0x00000025d11fd5f0
Event: 9576.221 Thread 0x000001dac3052000 DEOPT UNPACKING pc=0x000001daa8c3a95e sp=0x00000025d11fcaa8 mode 0
Event: 9576.564 Thread 0x000001dac3059800 DEOPT PACKING pc=0x000001daa9f3adbe sp=0x00000025d12fdf40
Event: 9576.564 Thread 0x000001dac3059800 DEOPT UNPACKING pc=0x000001daa8c3a95e sp=0x00000025d12fd3f8 mode 0
Event: 9576.654 Thread 0x000001dac8f96800 Uncommon trap: trap_request=0xffffffde fr.pc=0x000001dab1a89c3c relative=0x00000000000018dc
Event: 9576.654 Thread 0x000001dac8f96800 Uncommon trap: reason=class_check action=maybe_recompile pc=0x000001dab1a89c3c method=org.gradle.internal.execution.history.changes.CompareStrategy.visitChangesSince(Ljava/lang/Object;Ljava/lang/Object;Ljava/lang/String;Lorg/gradle/internal/execution/hist
Event: 9576.654 Thread 0x000001dac8f96800 DEOPT PACKING pc=0x000001dab1a89c3c sp=0x00000025cfafc700
Event: 9576.654 Thread 0x000001dac8f96800 DEOPT UNPACKING pc=0x000001daa8c3a1af sp=0x00000025cfafc6d8 mode 2

Classes redefined (0 events):
No events

Internal exceptions (20 events):
Event: 9575.666 Thread 0x000001dac3054800 Exception <a 'sun/nio/fs/WindowsException'{0x000000008b6fbed0}> (0x000000008b6fbed0) thrown at [./src/hotspot/share/prims/jni.cpp, line 615]
Event: 9575.720 Thread 0x000001dac7898800 Implicit null exception at 0x000001dab10c895b to 0x000001dab10cddf8
Event: 9575.737 Thread 0x000001dac3054800 Exception <a 'sun/nio/fs/WindowsException'{0x000000008a7026c0}> (0x000000008a7026c0) thrown at [./src/hotspot/share/prims/jni.cpp, line 615]
Event: 9575.854 Thread 0x000001dac8f9c000 Exception <a 'sun/nio/fs/WindowsException'{0x000000008bb730c8}> (0x000000008bb730c8) thrown at [./src/hotspot/share/prims/jni.cpp, line 615]
Event: 9575.951 Thread 0x000001dac7898800 Exception <a 'sun/nio/fs/WindowsException'{0x000000008b466a80}> (0x000000008b466a80) thrown at [./src/hotspot/share/prims/jni.cpp, line 615]
Event: 9575.961 Thread 0x000001dac7898800 Exception <a 'sun/nio/fs/WindowsException'{0x000000008b4cea68}> (0x000000008b4cea68) thrown at [./src/hotspot/share/prims/jni.cpp, line 615]
Event: 9575.965 Thread 0x000001dac7898800 Exception <a 'sun/nio/fs/WindowsException'{0x000000008b4dc228}> (0x000000008b4dc228) thrown at [./src/hotspot/share/prims/jni.cpp, line 615]
Event: 9576.059 Thread 0x000001dac7898800 Exception <a 'sun/nio/fs/WindowsException'{0x000000008b4e7a90}> (0x000000008b4e7a90) thrown at [./src/hotspot/share/prims/jni.cpp, line 615]
Event: 9576.060 Thread 0x000001dac3052000 Exception <a 'sun/nio/fs/WindowsException'{0x000000008b2f6f80}> (0x000000008b2f6f80) thrown at [./src/hotspot/share/prims/jni.cpp, line 615]
Event: 9576.075 Thread 0x000001dac7898800 Exception <a 'sun/nio/fs/WindowsException'{0x000000008aec0240}> (0x000000008aec0240) thrown at [./src/hotspot/share/prims/jni.cpp, line 615]
Event: 9576.083 Thread 0x000001dac3054800 Exception <a 'sun/nio/fs/WindowsException'{0x000000008ade97f0}> (0x000000008ade97f0) thrown at [./src/hotspot/share/prims/jni.cpp, line 615]
Event: 9576.084 Thread 0x000001dac3058800 Exception <a 'sun/nio/fs/WindowsException'{0x000000008ac3ab40}> (0x000000008ac3ab40) thrown at [./src/hotspot/share/prims/jni.cpp, line 615]
Event: 9576.093 Thread 0x000001dac3058800 Exception <a 'sun/nio/fs/WindowsException'{0x000000008aa84f68}> (0x000000008aa84f68) thrown at [./src/hotspot/share/prims/jni.cpp, line 615]
Event: 9576.100 Thread 0x000001dac8f9c000 Exception <a 'sun/nio/fs/WindowsException'{0x000000008a9b1398}> (0x000000008a9b1398) thrown at [./src/hotspot/share/prims/jni.cpp, line 615]
Event: 9576.102 Thread 0x000001dac3054800 Exception <a 'sun/nio/fs/WindowsException'{0x000000008a823928}> (0x000000008a823928) thrown at [./src/hotspot/share/prims/jni.cpp, line 615]
Event: 9576.121 Thread 0x000001dac3056800 Exception <a 'sun/nio/fs/WindowsException'{0x000000008a79bdf8}> (0x000000008a79bdf8) thrown at [./src/hotspot/share/prims/jni.cpp, line 615]
Event: 9576.125 Thread 0x000001dac8f9c000 Exception <a 'sun/nio/fs/WindowsException'{0x000000008a6537b8}> (0x000000008a6537b8) thrown at [./src/hotspot/share/prims/jni.cpp, line 615]
Event: 9576.129 Thread 0x000001dac3056800 Exception <a 'sun/nio/fs/WindowsException'{0x000000008a6da578}> (0x000000008a6da578) thrown at [./src/hotspot/share/prims/jni.cpp, line 615]
Event: 9576.228 Thread 0x000001dac3052000 Exception <a 'sun/nio/fs/WindowsException'{0x000000008a008290}> (0x000000008a008290) thrown at [./src/hotspot/share/prims/jni.cpp, line 615]
Event: 9576.612 Thread 0x000001dac3059800 Exception <a 'java/lang/ClassNotFoundException'{0x000000008b898f00}: sun/misc/SharedSecrets> (0x000000008b898f00) thrown at [./src/hotspot/share/classfile/systemDictionary.cpp, line 231]

Events (20 events):
Event: 9576.592 Executing VM operation: RevokeBias done
Event: 9576.592 Executing VM operation: RevokeBias
Event: 9576.593 Executing VM operation: RevokeBias done
Event: 9576.601 loading class com/google/common/base/Throwables
Event: 9576.601 loading class com/google/common/base/Throwables done
Event: 9576.601 Executing VM operation: RevokeBias
Event: 9576.609 Executing VM operation: RevokeBias done
Event: 9576.612 loading class sun/misc/SharedSecrets
Event: 9576.612 loading class sun/misc/SharedSecrets done
Event: 9576.655 Executing VM operation: RevokeBias
Event: 9576.656 Executing VM operation: RevokeBias done
Event: 9576.656 Executing VM operation: RevokeBias
Event: 9576.656 Executing VM operation: RevokeBias done
Event: 9576.656 Executing VM operation: RevokeBias
Event: 9576.656 Executing VM operation: RevokeBias done
Event: 9576.657 Executing VM operation: RevokeBias
Event: 9576.657 Executing VM operation: RevokeBias done
Event: 9576.658 Executing VM operation: RevokeBias
Event: 9576.659 Executing VM operation: RevokeBias done
Event: 9576.660 Executing VM operation: G1CollectForAllocation


Dynamic libraries:
0x00007ff670fc0000 - 0x00007ff670fca000 	C:\Program Files\Android\Android Studio\jre\bin\java.exe
0x00007ffef1230000 - 0x00007ffef1425000 	C:\WINDOWS\SYSTEM32\ntdll.dll
0x00007ffed8140000 - 0x00007ffed8156000 	C:\Program Files\AVAST Software\Avast\aswhook.dll
0x00007ffeefa20000 - 0x00007ffeefade000 	C:\WINDOWS\System32\KERNEL32.DLL
0x00007ffeeea80000 - 0x00007ffeeed48000 	C:\WINDOWS\System32\KERNELBASE.dll
0x00007ffeef190000 - 0x00007ffeef290000 	C:\WINDOWS\System32\ucrtbase.dll
0x00007ffecb030000 - 0x00007ffecb047000 	C:\Program Files\Android\Android Studio\jre\bin\VCRUNTIME140.dll
0x00007ffeb42e0000 - 0x00007ffeb42f9000 	C:\Program Files\Android\Android Studio\jre\bin\jli.dll
0x00007ffeefcc0000 - 0x00007ffeefe60000 	C:\WINDOWS\System32\USER32.dll
0x00007ffeeea50000 - 0x00007ffeeea72000 	C:\WINDOWS\System32\win32u.dll
0x00007ffedd440000 - 0x00007ffedd6da000 	C:\WINDOWS\WinSxS\amd64_microsoft.windows.common-controls_6595b64144ccf1df_6.0.19041.1110_none_60b5254171f9507e\COMCTL32.dll
0x00007ffeefb70000 - 0x00007ffeefc0e000 	C:\WINDOWS\System32\msvcrt.dll
0x00007ffeefae0000 - 0x00007ffeefb0a000 	C:\WINDOWS\System32\GDI32.dll
0x00007ffeeed50000 - 0x00007ffeeee5b000 	C:\WINDOWS\System32\gdi32full.dll
0x00007ffeef080000 - 0x00007ffeef11d000 	C:\WINDOWS\System32\msvcp_win.dll
0x00007ffef0af0000 - 0x00007ffef0b20000 	C:\WINDOWS\System32\IMM32.DLL
0x00007ffe61910000 - 0x00007ffe619ad000 	C:\Program Files\Android\Android Studio\jre\bin\msvcp140.dll
0x00007ffe603c0000 - 0x00007ffe60ea5000 	C:\Program Files\Android\Android Studio\jre\bin\server\jvm.dll
0x00007ffeefc10000 - 0x00007ffeefcbe000 	C:\WINDOWS\System32\ADVAPI32.dll
0x00007ffeef8b0000 - 0x00007ffeef94c000 	C:\WINDOWS\System32\sechost.dll
0x00007ffef0920000 - 0x00007ffef0a45000 	C:\WINDOWS\System32\RPCRT4.dll
0x00007ffef0ae0000 - 0x00007ffef0ae8000 	C:\WINDOWS\System32\PSAPI.DLL
0x00007ffed7430000 - 0x00007ffed7439000 	C:\WINDOWS\SYSTEM32\WSOCK32.dll
0x00007ffedd410000 - 0x00007ffedd437000 	C:\WINDOWS\SYSTEM32\WINMM.dll
0x00007ffee7890000 - 0x00007ffee789a000 	C:\WINDOWS\SYSTEM32\VERSION.dll
0x00007ffef10d0000 - 0x00007ffef113b000 	C:\WINDOWS\System32\WS2_32.dll
0x00007ffeed230000 - 0x00007ffeed242000 	C:\WINDOWS\SYSTEM32\kernel.appcore.dll
0x00007ffed99d0000 - 0x00007ffed99e1000 	C:\Program Files\Android\Android Studio\jre\bin\verify.dll
0x00007ffeec780000 - 0x00007ffeec964000 	C:\WINDOWS\SYSTEM32\DBGHELP.DLL
0x00007ffedae80000 - 0x00007ffedaeac000 	C:\WINDOWS\SYSTEM32\dbgcore.DLL
0x00007ffeeefc0000 - 0x00007ffeef042000 	C:\WINDOWS\System32\bcryptPrimitives.dll
0x00007ffed99a0000 - 0x00007ffed99c9000 	C:\Program Files\Android\Android Studio\jre\bin\java.dll
0x00007ffed9bc0000 - 0x00007ffed9bcb000 	C:\Program Files\Android\Android Studio\jre\bin\jimage.dll
0x00007ffed9980000 - 0x00007ffed9998000 	C:\Program Files\Android\Android Studio\jre\bin\zip.dll
0x00007ffef0000000 - 0x00007ffef0744000 	C:\WINDOWS\System32\SHELL32.dll
0x00007ffeeca50000 - 0x00007ffeed1e4000 	C:\WINDOWS\SYSTEM32\windows.storage.dll
0x00007ffef0b20000 - 0x00007ffef0e74000 	C:\WINDOWS\System32\combase.dll
0x00007ffeee3c0000 - 0x00007ffeee3ec000 	C:\WINDOWS\SYSTEM32\Wldp.dll
0x00007ffef1140000 - 0x00007ffef11ed000 	C:\WINDOWS\System32\SHCORE.dll
0x00007ffeefb10000 - 0x00007ffeefb65000 	C:\WINDOWS\System32\shlwapi.dll
0x00007ffeee890000 - 0x00007ffeee8af000 	C:\WINDOWS\SYSTEM32\profapi.dll
0x00007ffed9960000 - 0x00007ffed997a000 	C:\Program Files\Android\Android Studio\jre\bin\net.dll
0x00007ffee7c80000 - 0x00007ffee7d8a000 	C:\WINDOWS\SYSTEM32\WINHTTP.dll
0x00007ffeee120000 - 0x00007ffeee18a000 	C:\WINDOWS\system32\mswsock.dll
0x00007ffed9940000 - 0x00007ffed9954000 	C:\Program Files\Android\Android Studio\jre\bin\nio.dll
0x00007ffed9a70000 - 0x00007ffed9a97000 	C:\Users\Kostya\.gradle\native\e1d6ef7f7dcc3fd88c89a11ec53ec762bb8ba0a96d01ffa2cd45eb1d1d8dd5c5\windows-amd64\native-platform.dll
0x00007ffe547c0000 - 0x00007ffe54904000 	C:\Users\Kostya\.gradle\native\5664cfc778a61ccfe75a443a1ab52a65af34e5dc3c78e0209fed803814484fcb\windows-amd64\native-platform-file-events.dll
0x00007ffed9930000 - 0x00007ffed993a000 	C:\Program Files\Android\Android Studio\jre\bin\management.dll
0x00007ffed9920000 - 0x00007ffed992d000 	C:\Program Files\Android\Android Studio\jre\bin\management_ext.dll
0x00007ffeee310000 - 0x00007ffeee328000 	C:\WINDOWS\SYSTEM32\CRYPTSP.dll
0x00007ffeeda30000 - 0x00007ffeeda64000 	C:\WINDOWS\system32\rsaenh.dll
0x00007ffeef050000 - 0x00007ffeef077000 	C:\WINDOWS\System32\bcrypt.dll
0x00007ffeee850000 - 0x00007ffeee87e000 	C:\WINDOWS\SYSTEM32\USERENV.dll
0x00007ffeee330000 - 0x00007ffeee33c000 	C:\WINDOWS\SYSTEM32\CRYPTBASE.dll
0x00007ffeedda0000 - 0x00007ffeedddb000 	C:\WINDOWS\SYSTEM32\IPHLPAPI.DLL
0x00007ffeefff0000 - 0x00007ffeefff8000 	C:\WINDOWS\System32\NSI.dll
0x00007ffee6870000 - 0x00007ffee6887000 	C:\WINDOWS\SYSTEM32\dhcpcsvc6.DLL
0x00007ffee7470000 - 0x00007ffee748d000 	C:\WINDOWS\SYSTEM32\dhcpcsvc.DLL
0x00007ffeedde0000 - 0x00007ffeedeab000 	C:\WINDOWS\SYSTEM32\DNSAPI.dll
0x00007ffeed660000 - 0x00007ffeed693000 	C:\WINDOWS\SYSTEM32\ntmarta.dll
0x00007ffec8800000 - 0x00007ffec8827000 	C:\Program Files\Android\Android Studio\jre\bin\sunec.dll

dbghelp: loaded successfully - version: 4.0.5 - missing functions: none
symbol engine: initialized successfully - sym options: 0x614 - pdb path: .;C:\Program Files\Android\Android Studio\jre\bin;C:\WINDOWS\SYSTEM32;C:\Program Files\AVAST Software\Avast;C:\WINDOWS\WinSxS\amd64_microsoft.windows.common-controls_6595b64144ccf1df_6.0.19041.1110_none_60b5254171f9507e;C:\Program Files\Android\Android Studio\jre\bin\server;C:\Users\Kostya\.gradle\native\e1d6ef7f7dcc3fd88c89a11ec53ec762bb8ba0a96d01ffa2cd45eb1d1d8dd5c5\windows-amd64;C:\Users\Kostya\.gradle\native\5664cfc778a61ccfe75a443a1ab52a65af34e5dc3c78e0209fed803814484fcb\windows-amd64

VM Arguments:
jvm_args: --add-opens=java.base/java.util=ALL-UNNAMED --add-opens=java.base/java.lang=ALL-UNNAMED --add-opens=java.base/java.lang.invoke=ALL-UNNAMED --add-opens=java.base/java.util=ALL-UNNAMED --add-opens=java.prefs/java.util.prefs=ALL-UNNAMED --add-opens=java.prefs/java.util.prefs=ALL-UNNAMED --add-opens=java.base/java.nio.charset=ALL-UNNAMED --add-opens=java.base/java.net=ALL-UNNAMED --add-opens=java.base/java.util.concurrent.atomic=ALL-UNNAMED -Xmx2048m -Dfile.encoding=UTF-8 -Duser.country=RU -Duser.language=ru -Duser.variant 
java_command: org.gradle.launcher.daemon.bootstrap.GradleDaemon 7.2
java_class_path (initial): C:\Users\Kostya\.gradle\wrapper\dists\gradle-7.2-bin\2dnblmf4td7x66yl1d74lt32g\gradle-7.2\lib\gradle-launcher-7.2.jar
Launcher Type: SUN_STANDARD

[Global flags]
     intx CICompilerCount                          = 4                                         {product} {ergonomic}
     uint ConcGCThreads                            = 2                                         {product} {ergonomic}
     uint G1ConcRefinementThreads                  = 8                                         {product} {ergonomic}
   size_t G1HeapRegionSize                         = 1048576                                   {product} {ergonomic}
    uintx GCDrainStackTargetSize                   = 64                                        {product} {ergonomic}
   size_t InitialHeapSize                          = 199229440                                 {product} {ergonomic}
   size_t MarkStackSize                            = 4194304                                   {product} {ergonomic}
   size_t MaxHeapSize                              = 2147483648                                {product} {command line}
   size_t MaxNewSize                               = 1287651328                                {product} {ergonomic}
   size_t MinHeapDeltaBytes                        = 1048576                                   {product} {ergonomic}
    uintx NonNMethodCodeHeapSize                   = 5836300                                {pd product} {ergonomic}
    uintx NonProfiledCodeHeapSize                  = 122910970                              {pd product} {ergonomic}
    uintx ProfiledCodeHeapSize                     = 122910970                              {pd product} {ergonomic}
    uintx ReservedCodeCacheSize                    = 251658240                              {pd product} {ergonomic}
     bool SegmentedCodeCache                       = true                                      {product} {ergonomic}
     bool UseCompressedClassPointers               = true                                 {lp64_product} {ergonomic}
     bool UseCompressedOops                        = true                                 {lp64_product} {ergonomic}
     bool UseG1GC                                  = true                                      {product} {ergonomic}
     bool UseLargePagesIndividualAllocation        = false                                  {pd product} {ergonomic}

Logging:
Log output configuration:
 #0: stdout all=warning uptime,level,tags
 #1: stderr all=off uptime,level,tags

Environment Variables:
PATH=C:\Program Files (x86)\Common Files\Oracle\Java\javapath;C:\ProgramData\Oracle\Java\javapath;C:\Windows\system32;C:\Windows;C:\Windows\System32\Wbem;C:\Windows\System32\WindowsPowerShell\v1.0\;C:\Windows\System32\OpenSSH\;C:\Program Files (x86)\NVIDIA Corporation\PhysX\Common;C:\FPC\2.6.4\bin\i386-Win32;C:\Program Files\WIDCOMM\Bluetooth Software\;C:\Program Files\WIDCOMM\Bluetooth Software\syswow64;C:\Program Files (x86)\Git\cmd;C:\Program Files\NVIDIA Corporation\NVIDIA NvDLISR;C:\WINDOWS\system32;C:\WINDOWS;C:\WINDOWS\System32\Wbem;C:\WINDOWS\System32\WindowsPowerShell\v1.0\;C:\WINDOWS\System32\OpenSSH\;C:\Users\Kostya\AppData\Local\Programs\Python\Python310\Scripts\;C:\Users\Kostya\AppData\Local\Programs\Python\Python310\;C:\Users\Kostya\anaconda3;C:\Users\Kostya\anaconda3\Library\mingw-w64\bin;C:\Users\Kostya\anaconda3\Library\usr\bin;C:\Users\Kostya\anaconda3\Library\bin;C:\Users\Kostya\anaconda3\Scripts;C:\Users\Kostya\AppData\Local\Microsoft\WindowsApps;C:\intelFPGA\18.1\modelsim_ase\win32aloem;C:\intelFPGA_lite\18.1\modelsim_ase\win32aloem;C:\intelFPGA_lite\18.1\modelsim_ae\win32aloem;C:\altera_lite\15.1\modelsim_ase\win32aloem;
USERNAME=Kostya
OS=Windows_NT
PROCESSOR_IDENTIFIER=Intel64 Family 6 Model 142 Stepping 11, GenuineIntel



---------------  S Y S T E M  ---------------

OS: Windows 10 , 64 bit Build 19041 (10.0.19041.1645)
OS uptime: 0 days 2:48 hours

CPU:total 8 (initial active 8) (4 cores per cpu, 2 threads per core) family 6 model 142 stepping 11 microcode 0xae, cmov, cx8, fxsr, mmx, sse, sse2, sse3, ssse3, sse4.1, sse4.2, popcnt, avx, avx2, aes, clmul, erms, 3dnowpref, lzcnt, ht, tsc, tscinvbit, bmi1, bmi2, adx, fma

Memory: 4k page, system-wide physical 12139M (1695M free)
TotalPageFile size 14187M (AvailPageFile size 26M)
current process WorkingSet (physical memory assigned to process): 553M, peak: 577M
current process commit charge ("private bytes"): 638M, peak: 649M

vm_info: OpenJDK 64-Bit Server VM (11.0.12+7-b1504.28-7817840) for windows-amd64 JRE (11.0.12+7-b1504.28-7817840), built on Oct 13 2021 22:12:33 by "builder" with MS VC++ 14.0 (VS2015)

END.
